
*** Running vivado
    with args -log lab7_1_block_xbar_3.vds -m64 -product Vivado -mode batch -messageDb vivado.pb -notrace -source lab7_1_block_xbar_3.tcl



****** Vivado v2022.2 (64-bit)
  **** SW Build 3671981 on Fri Oct 14 05:00:03 MDT 2022
  **** IP Build 3669848 on Fri Oct 14 08:30:02 MDT 2022
    ** Copyright 1986-2022 Xilinx, Inc. All Rights Reserved.

source lab7_1_block_xbar_3.tcl -notrace
create_project: Time (s): cpu = 00:00:05 ; elapsed = 00:00:09 . Memory (MB): peak = 1002.812 ; gain = 117.891
INFO: [IP_Flow 19-234] Refreshing IP repositories
INFO: [IP_Flow 19-1700] Loaded user IP repository 'c:/Users/corey/UIUC/ECE/ECE385/Lab7/ip_repo/hdmi_text_controller_1_0'.
INFO: [IP_Flow 19-1700] Loaded user IP repository 'c:/Users/corey/UIUC/ECE/ECE385/Lab6/hdmi_tx_1.0'.
INFO: [IP_Flow 19-2313] Loaded Vivado IP repository 'C:/Xilinx/Vivado/2022.2/data/ip'.
INFO: [IP_Flow 19-6924] IPCACHE: Running cache check for IP inst: lab7_1_block_xbar_3
INFO: [IP_Flow 19-6922] IPCACHE: Exporting cached entry 8b38c95484644b7e to dir: C:/Users/corey/UIUC/ECE/ECE385/Lab7/lab7/lab7.runs/lab7_1_block_xbar_3_synth_1
INFO: [IP_Flow 19-6928] IPCACHE: copied cached file c:/Users/corey/UIUC/ECE/ECE385/Lab7/lab7/lab7.cache/ip/2022.2/8/b/8b38c95484644b7e/lab7_1_block_xbar_2.dcp to C:/Users/corey/UIUC/ECE/ECE385/Lab7/lab7/lab7.runs/lab7_1_block_xbar_3_synth_1/lab7_1_block_xbar_3.dcp.
INFO: [IP_Flow 19-6928] IPCACHE: copied cached file c:/Users/corey/UIUC/ECE/ECE385/Lab7/lab7/lab7.cache/ip/2022.2/8/b/8b38c95484644b7e/lab7_1_block_xbar_2_sim_netlist.v to C:/Users/corey/UIUC/ECE/ECE385/Lab7/lab7/lab7.runs/lab7_1_block_xbar_3_synth_1/lab7_1_block_xbar_3_sim_netlist.v.
INFO: [IP_Flow 19-6928] IPCACHE: copied cached file c:/Users/corey/UIUC/ECE/ECE385/Lab7/lab7/lab7.cache/ip/2022.2/8/b/8b38c95484644b7e/lab7_1_block_xbar_2_sim_netlist.vhdl to C:/Users/corey/UIUC/ECE/ECE385/Lab7/lab7/lab7.runs/lab7_1_block_xbar_3_synth_1/lab7_1_block_xbar_3_sim_netlist.vhdl.
INFO: [IP_Flow 19-6928] IPCACHE: copied cached file c:/Users/corey/UIUC/ECE/ECE385/Lab7/lab7/lab7.cache/ip/2022.2/8/b/8b38c95484644b7e/lab7_1_block_xbar_2_stub.v to C:/Users/corey/UIUC/ECE/ECE385/Lab7/lab7/lab7.runs/lab7_1_block_xbar_3_synth_1/lab7_1_block_xbar_3_stub.v.
INFO: [IP_Flow 19-6928] IPCACHE: copied cached file c:/Users/corey/UIUC/ECE/ECE385/Lab7/lab7/lab7.cache/ip/2022.2/8/b/8b38c95484644b7e/lab7_1_block_xbar_2_stub.vhdl to C:/Users/corey/UIUC/ECE/ECE385/Lab7/lab7/lab7.runs/lab7_1_block_xbar_3_synth_1/lab7_1_block_xbar_3_stub.vhdl.
INFO: [IP_Flow 19-4838] Using cached IP synthesis design for IP lab7_1_block_xbar_3, cache-ID = 8b38c95484644b7e.
INFO: [Common 17-206] Exiting Vivado at Sat Nov  4 01:01:28 2023...
