15:58:11 DEBUG : Logs will be stored at 'C:/Users/corey/UIUC/ECE/ECE385/Lab6/lab6workspace/IDE.log'.
15:58:14 INFO  : Launching XSCT server: xsct.bat -n  -interactive C:\Users\corey\UIUC\ECE\ECE385\Lab6\lab6workspace\temp_xsdb_launch_script.tcl
15:58:15 INFO  : Registering command handlers for Vitis TCF services
15:58:15 INFO  : Platform repository initialization has completed.
15:58:17 INFO  : XSCT server has started successfully.
15:58:18 INFO  : plnx-install-location is set to ''
15:58:18 INFO  : Successfully done setting XSCT server connection channel  
15:58:18 INFO  : Successfully done query RDI_DATADIR 
15:58:18 INFO  : Successfully done setting workspace for the tool. 
16:03:17 INFO  : Result from executing command 'getProjects': mb_intro_top
16:03:17 INFO  : Result from executing command 'getPlatforms': xilinx_vck190_base_202220_1|C:/Xilinx/Vitis/2022.2/base_platforms/xilinx_vck190_base_202220_1/xilinx_vck190_base_202220_1.xpfm;xilinx_vck190_base_dfx_202220_1|C:/Xilinx/Vitis/2022.2/base_platforms/xilinx_vck190_base_dfx_202220_1/xilinx_vck190_base_dfx_202220_1.xpfm;xilinx_vmk180_base_202220_1|C:/Xilinx/Vitis/2022.2/base_platforms/xilinx_vmk180_base_202220_1/xilinx_vmk180_base_202220_1.xpfm;xilinx_zcu102_base_202220_1|C:/Xilinx/Vitis/2022.2/base_platforms/xilinx_zcu102_base_202220_1/xilinx_zcu102_base_202220_1.xpfm;xilinx_zcu102_base_dfx_202220_1|C:/Xilinx/Vitis/2022.2/base_platforms/xilinx_zcu102_base_dfx_202220_1/xilinx_zcu102_base_dfx_202220_1.xpfm;xilinx_zcu104_base_202220_1|C:/Xilinx/Vitis/2022.2/base_platforms/xilinx_zcu104_base_202220_1/xilinx_zcu104_base_202220_1.xpfm
16:03:19 WARN  : An unexpected exception occurred in the module 'platform project logging'
16:03:21 INFO  : Platform 'mb_intro_top' is added to custom repositories.
16:03:26 INFO  : Platform 'mb_intro_top' is added to custom repositories.
16:05:35 INFO  : Result from executing command 'getProjects': mb_intro_top
16:05:35 INFO  : Result from executing command 'getPlatforms': mb_intro_top|C:/Users/corey/UIUC/ECE/ECE385/Lab6/lab6workspace/mb_intro_top/export/mb_intro_top/mb_intro_top.xpfm;xilinx_vck190_base_202220_1|C:/Xilinx/Vitis/2022.2/base_platforms/xilinx_vck190_base_202220_1/xilinx_vck190_base_202220_1.xpfm;xilinx_vck190_base_dfx_202220_1|C:/Xilinx/Vitis/2022.2/base_platforms/xilinx_vck190_base_dfx_202220_1/xilinx_vck190_base_dfx_202220_1.xpfm;xilinx_vmk180_base_202220_1|C:/Xilinx/Vitis/2022.2/base_platforms/xilinx_vmk180_base_202220_1/xilinx_vmk180_base_202220_1.xpfm;xilinx_zcu102_base_202220_1|C:/Xilinx/Vitis/2022.2/base_platforms/xilinx_zcu102_base_202220_1/xilinx_zcu102_base_202220_1.xpfm;xilinx_zcu102_base_dfx_202220_1|C:/Xilinx/Vitis/2022.2/base_platforms/xilinx_zcu102_base_dfx_202220_1/xilinx_zcu102_base_dfx_202220_1.xpfm;xilinx_zcu104_base_202220_1|C:/Xilinx/Vitis/2022.2/base_platforms/xilinx_zcu104_base_202220_1/xilinx_zcu104_base_202220_1.xpfm
16:05:37 INFO  : Checking for BSP changes to sync application flags for project 'mb_blink'...
16:05:54 INFO  : Connected to target on host '127.0.0.1' and port '3121'.
16:05:55 INFO  : Jtag cable 'RealDigital Boo 8874292302D5A' is selected.
16:05:55 INFO  : 'jtag frequency' command is executed.
16:05:55 INFO  : 'targets -set -filter {jtag_cable_name =~ "RealDigital Boo 8874292302D5A" && level==0 && jtag_device_ctx=="jsn3-0362f093-0"}' command is executed.
16:05:56 INFO  : Device configured successfully with "C:/Users/corey/UIUC/ECE/ECE385/Lab6/lab6workspace/mb_blink/_ide/bitstream/mb_intro_top.bit"
16:05:56 INFO  : Context for processor 'microblaze_0' is selected.
16:05:56 INFO  : Hardware design and registers information is loaded from 'C:/Users/corey/UIUC/ECE/ECE385/Lab6/lab6workspace/mb_intro_top/export/mb_intro_top/hw/mb_intro_top.xsa'.
16:05:56 INFO  : 'configparams mdm-detect-bscan-mask 2' command is executed.
16:05:57 INFO  : Context for processor 'microblaze_0' is selected.
16:05:57 INFO  : System reset is completed.
16:06:00 INFO  : 'after 3000' command is executed.
16:06:00 INFO  : Context for processor 'microblaze_0' is selected.
16:06:00 INFO  : The application 'C:/Users/corey/UIUC/ECE/ECE385/Lab6/lab6workspace/mb_blink/Debug/mb_blink.elf' is downloaded to processor 'microblaze_0'.
16:06:00 INFO  : ----------------XSDB Script----------------
connect -url tcp:127.0.0.1:3121
targets -set -filter {jtag_cable_name =~ "RealDigital Boo 8874292302D5A" && level==0 && jtag_device_ctx=="jsn3-0362f093-0"}
fpga -file C:/Users/corey/UIUC/ECE/ECE385/Lab6/lab6workspace/mb_blink/_ide/bitstream/mb_intro_top.bit
targets -set -nocase -filter {name =~ "*microblaze*#0" && bscan=="USER2" }
loadhw -hw C:/Users/corey/UIUC/ECE/ECE385/Lab6/lab6workspace/mb_intro_top/export/mb_intro_top/hw/mb_intro_top.xsa -regs
configparams mdm-detect-bscan-mask 2
targets -set -nocase -filter {name =~ "*microblaze*#0" && bscan=="USER2" }
rst -system
after 3000
targets -set -nocase -filter {name =~ "*microblaze*#0" && bscan=="USER2" }
dow C:/Users/corey/UIUC/ECE/ECE385/Lab6/lab6workspace/mb_blink/Debug/mb_blink.elf
----------------End of Script----------------

16:06:00 INFO  : Context for processor 'microblaze_0' is selected.
16:06:00 INFO  : 'con' command is executed.
16:06:00 INFO  : ----------------XSDB Script (After Launch)----------------
targets -set -nocase -filter {name =~ "*microblaze*#0" && bscan=="USER2" }
con
----------------End of Script----------------

16:06:00 INFO  : Disconnected from the channel tcfchan#2.
16:07:16 INFO  : Connected to target on host '127.0.0.1' and port '3121'.
16:07:17 INFO  : Jtag cable 'RealDigital Boo 8874292302D5A' is selected.
16:07:17 INFO  : 'jtag frequency' command is executed.
16:07:17 INFO  : 'targets -set -filter {jtag_cable_name =~ "RealDigital Boo 8874292302D5A" && level==0 && jtag_device_ctx=="jsn3-0362f093-0"}' command is executed.
16:07:18 INFO  : Device configured successfully with "C:/Users/corey/UIUC/ECE/ECE385/Lab6/lab6workspace/mb_blink/_ide/bitstream/mb_intro_top.bit"
16:07:18 INFO  : Context for processor 'microblaze_0' is selected.
16:07:18 INFO  : Hardware design and registers information is loaded from 'C:/Users/corey/UIUC/ECE/ECE385/Lab6/lab6workspace/mb_intro_top/export/mb_intro_top/hw/mb_intro_top.xsa'.
16:07:18 INFO  : 'configparams mdm-detect-bscan-mask 2' command is executed.
16:07:18 INFO  : Context for processor 'microblaze_0' is selected.
16:07:18 INFO  : System reset is completed.
16:07:22 INFO  : 'after 3000' command is executed.
16:07:22 INFO  : Context for processor 'microblaze_0' is selected.
16:07:22 INFO  : The application 'C:/Users/corey/UIUC/ECE/ECE385/Lab6/lab6workspace/mb_blink/Debug/mb_blink.elf' is downloaded to processor 'microblaze_0'.
16:07:22 INFO  : ----------------XSDB Script----------------
connect -url tcp:127.0.0.1:3121
targets -set -filter {jtag_cable_name =~ "RealDigital Boo 8874292302D5A" && level==0 && jtag_device_ctx=="jsn3-0362f093-0"}
fpga -file C:/Users/corey/UIUC/ECE/ECE385/Lab6/lab6workspace/mb_blink/_ide/bitstream/mb_intro_top.bit
targets -set -nocase -filter {name =~ "*microblaze*#0" && bscan=="USER2" }
loadhw -hw C:/Users/corey/UIUC/ECE/ECE385/Lab6/lab6workspace/mb_intro_top/export/mb_intro_top/hw/mb_intro_top.xsa -regs
configparams mdm-detect-bscan-mask 2
targets -set -nocase -filter {name =~ "*microblaze*#0" && bscan=="USER2" }
rst -system
after 3000
targets -set -nocase -filter {name =~ "*microblaze*#0" && bscan=="USER2" }
dow C:/Users/corey/UIUC/ECE/ECE385/Lab6/lab6workspace/mb_blink/Debug/mb_blink.elf
----------------End of Script----------------

16:07:22 INFO  : Context for processor 'microblaze_0' is selected.
16:07:22 INFO  : 'con' command is executed.
16:07:22 INFO  : ----------------XSDB Script (After Launch)----------------
targets -set -nocase -filter {name =~ "*microblaze*#0" && bscan=="USER2" }
con
----------------End of Script----------------

16:07:22 INFO  : Disconnected from the channel tcfchan#3.
18:39:36 DEBUG : Logs will be stored at 'C:/Users/corey/UIUC/ECE/ECE385/Lab6/lab6workspace/IDE.log'.
18:39:36 INFO  : Launching XSCT server: xsct.bat -n  -interactive C:\Users\corey\UIUC\ECE\ECE385\Lab6\lab6workspace\temp_xsdb_launch_script.tcl
18:39:40 INFO  : Registering command handlers for Vitis TCF services
18:39:41 INFO  : XSCT server has started successfully.
18:39:41 INFO  : plnx-install-location is set to ''
18:39:41 INFO  : Successfully done setting XSCT server connection channel  
18:39:41 INFO  : Successfully done query RDI_DATADIR 
18:39:41 INFO  : Successfully done setting workspace for the tool. 
18:39:41 INFO  : Platform repository initialization has completed.
18:51:30 DEBUG : Logs will be stored at 'C:/Users/corey/UIUC/ECE/ECE385/Lab6/lab6workspace/IDE.log'.
18:51:31 INFO  : Launching XSCT server: xsct.bat -n  -interactive C:\Users\corey\UIUC\ECE\ECE385\Lab6\lab6workspace\temp_xsdb_launch_script.tcl
18:51:35 INFO  : Registering command handlers for Vitis TCF services
18:51:35 INFO  : XSCT server has started successfully.
18:51:36 INFO  : plnx-install-location is set to ''
18:51:36 INFO  : Successfully done setting XSCT server connection channel  
18:51:36 INFO  : Successfully done query RDI_DATADIR 
18:51:36 INFO  : Successfully done setting workspace for the tool. 
18:51:36 INFO  : Platform repository initialization has completed.
18:59:29 DEBUG : Logs will be stored at 'C:/Users/corey/UIUC/ECE/ECE385/Lab6/lab6workspace/IDE.log'.
18:59:30 INFO  : Launching XSCT server: xsct.bat -n  -interactive C:\Users\corey\UIUC\ECE\ECE385\Lab6\lab6workspace\temp_xsdb_launch_script.tcl
18:59:34 INFO  : Registering command handlers for Vitis TCF services
18:59:34 INFO  : XSCT server has started successfully.
18:59:34 INFO  : Successfully done setting XSCT server connection channel  
18:59:34 INFO  : plnx-install-location is set to ''
18:59:34 INFO  : Successfully done query RDI_DATADIR 
18:59:34 INFO  : Successfully done setting workspace for the tool. 
18:59:35 INFO  : Platform repository initialization has completed.
19:51:45 INFO  : Result from executing command 'getProjects': mb_intro_top
19:51:49 INFO  : Result from executing command 'getPlatforms': mb_intro_top|C:/Users/corey/UIUC/ECE/ECE385/Lab6/lab6workspace/mb_intro_top/export/mb_intro_top/mb_intro_top.xpfm;xilinx_vck190_base_202220_1|C:/Xilinx/Vitis/2022.2/base_platforms/xilinx_vck190_base_202220_1/xilinx_vck190_base_202220_1.xpfm;xilinx_vck190_base_dfx_202220_1|C:/Xilinx/Vitis/2022.2/base_platforms/xilinx_vck190_base_dfx_202220_1/xilinx_vck190_base_dfx_202220_1.xpfm;xilinx_vmk180_base_202220_1|C:/Xilinx/Vitis/2022.2/base_platforms/xilinx_vmk180_base_202220_1/xilinx_vmk180_base_202220_1.xpfm;xilinx_zcu102_base_202220_1|C:/Xilinx/Vitis/2022.2/base_platforms/xilinx_zcu102_base_202220_1/xilinx_zcu102_base_202220_1.xpfm;xilinx_zcu102_base_dfx_202220_1|C:/Xilinx/Vitis/2022.2/base_platforms/xilinx_zcu102_base_dfx_202220_1/xilinx_zcu102_base_dfx_202220_1.xpfm;xilinx_zcu104_base_202220_1|C:/Xilinx/Vitis/2022.2/base_platforms/xilinx_zcu104_base_202220_1/xilinx_zcu104_base_202220_1.xpfm
19:51:50 INFO  : Checking for BSP changes to sync application flags for project 'mb_blink'...
20:02:23 INFO  : Checking for BSP changes to sync application flags for project 'mb_blink'...
20:03:19 INFO  : Connected to target on host '127.0.0.1' and port '3121'.
20:03:37 INFO  : ----------------XSDB Script----------------
connect -url tcp:127.0.0.1:3121
----------------End of Script----------------

20:03:37 ERROR : Could not find FPGA device on the board for connection 'Local'.


Troubleshooting hints:
1. Check whether board is connected to system properly.
2. In case of zynq board, check whether Digilent/Xilinx cable switch settings are correct.
3. If you are using Xilinx Platform Cable USB, ensure that status LED is green.
14:10:52 INFO  : Checking for BSP changes to sync application flags for project 'mb_blink'...
14:11:21 INFO  : Result from executing command 'removePlatformRepo': 
14:11:39 INFO  : Hardware specification for platform project 'mb_intro_top' is updated.
14:11:58 INFO  : Result from executing command 'getProjects': mb_intro_top
14:11:58 INFO  : Result from executing command 'getPlatforms': xilinx_vck190_base_202220_1|C:/Xilinx/Vitis/2022.2/base_platforms/xilinx_vck190_base_202220_1/xilinx_vck190_base_202220_1.xpfm;xilinx_vck190_base_dfx_202220_1|C:/Xilinx/Vitis/2022.2/base_platforms/xilinx_vck190_base_dfx_202220_1/xilinx_vck190_base_dfx_202220_1.xpfm;xilinx_vmk180_base_202220_1|C:/Xilinx/Vitis/2022.2/base_platforms/xilinx_vmk180_base_202220_1/xilinx_vmk180_base_202220_1.xpfm;xilinx_zcu102_base_202220_1|C:/Xilinx/Vitis/2022.2/base_platforms/xilinx_zcu102_base_202220_1/xilinx_zcu102_base_202220_1.xpfm;xilinx_zcu102_base_dfx_202220_1|C:/Xilinx/Vitis/2022.2/base_platforms/xilinx_zcu102_base_dfx_202220_1/xilinx_zcu102_base_dfx_202220_1.xpfm;xilinx_zcu104_base_202220_1|C:/Xilinx/Vitis/2022.2/base_platforms/xilinx_zcu104_base_202220_1/xilinx_zcu104_base_202220_1.xpfm
14:12:00 INFO  : Checking for BSP changes to sync application flags for project 'mb_blink'...
14:12:01 INFO  : Updating application flags with new BSP settings...
14:12:01 INFO  : Successfully updated application flags for project mb_blink.
14:12:05 INFO  : The hardware specification used by project 'mb_blink' is out of sync with the platform. Resource files extracted from the hardware specification will be updated.
14:12:05 INFO  : The file 'C:\Users\corey\UIUC\ECE\ECE385\Lab6\lab6workspace\mb_blink\_ide\bitstream\mb_intro_top.bit' stored in project is removed.
14:12:05 INFO  : The file 'C:\Users\corey\UIUC\ECE\ECE385\Lab6\lab6workspace\mb_blink\_ide\bitstream\mb_intro_top.mmi' stored in project is removed.
14:12:05 INFO  : The updated bitstream files are copied from platform to folder 'C:\Users\corey\UIUC\ECE\ECE385\Lab6\lab6workspace\mb_blink\_ide\bitstream' in project 'mb_blink'.
14:12:12 INFO  : Connected to target on host '127.0.0.1' and port '3121'.
14:12:13 INFO  : Jtag cable 'RealDigital Boo 88742923000BA' is selected.
14:12:13 INFO  : 'jtag frequency' command is executed.
14:12:13 INFO  : 'targets -set -filter {jtag_cable_name =~ "RealDigital Boo 88742923000BA" && level==0 && jtag_device_ctx=="jsn4-0362f093-0"}' command is executed.
14:12:14 INFO  : Device configured successfully with "C:/Users/corey/UIUC/ECE/ECE385/Lab6/lab6workspace/mb_blink/_ide/bitstream/mb_intro_top.bit"
14:12:14 INFO  : Context for processor 'microblaze_0' is selected.
14:12:14 INFO  : Hardware design and registers information is loaded from 'C:/Users/corey/UIUC/ECE/ECE385/Lab6/lab6workspace/mb_intro_top/export/mb_intro_top/hw/mb_intro_top.xsa'.
14:12:14 INFO  : 'configparams mdm-detect-bscan-mask 2' command is executed.
14:12:14 INFO  : Context for processor 'microblaze_0' is selected.
14:12:14 INFO  : System reset is completed.
14:12:17 INFO  : 'after 3000' command is executed.
14:12:17 INFO  : Context for processor 'microblaze_0' is selected.
14:12:18 INFO  : The application 'C:/Users/corey/UIUC/ECE/ECE385/Lab6/lab6workspace/mb_blink/Debug/mb_blink.elf' is downloaded to processor 'microblaze_0'.
14:12:18 INFO  : ----------------XSDB Script----------------
connect -url tcp:127.0.0.1:3121
targets -set -filter {jtag_cable_name =~ "RealDigital Boo 88742923000BA" && level==0 && jtag_device_ctx=="jsn4-0362f093-0"}
fpga -file C:/Users/corey/UIUC/ECE/ECE385/Lab6/lab6workspace/mb_blink/_ide/bitstream/mb_intro_top.bit
targets -set -nocase -filter {name =~ "*microblaze*#0" && bscan=="USER2" }
loadhw -hw C:/Users/corey/UIUC/ECE/ECE385/Lab6/lab6workspace/mb_intro_top/export/mb_intro_top/hw/mb_intro_top.xsa -regs
configparams mdm-detect-bscan-mask 2
targets -set -nocase -filter {name =~ "*microblaze*#0" && bscan=="USER2" }
rst -system
after 3000
targets -set -nocase -filter {name =~ "*microblaze*#0" && bscan=="USER2" }
dow C:/Users/corey/UIUC/ECE/ECE385/Lab6/lab6workspace/mb_blink/Debug/mb_blink.elf
----------------End of Script----------------

14:12:18 INFO  : Context for processor 'microblaze_0' is selected.
14:12:18 INFO  : 'con' command is executed.
14:12:18 INFO  : ----------------XSDB Script (After Launch)----------------
targets -set -nocase -filter {name =~ "*microblaze*#0" && bscan=="USER2" }
con
----------------End of Script----------------

14:12:18 INFO  : Disconnected from the channel tcfchan#3.
14:13:13 INFO  : Checking for BSP changes to sync application flags for project 'mb_blink'...
14:13:17 INFO  : Checking for BSP changes to sync application flags for project 'mb_blink'...
14:13:23 INFO  : Connected to target on host '127.0.0.1' and port '3121'.
14:13:23 INFO  : Jtag cable 'RealDigital Boo 88742923000BA' is selected.
14:13:23 INFO  : 'jtag frequency' command is executed.
14:13:23 INFO  : 'targets -set -filter {jtag_cable_name =~ "RealDigital Boo 88742923000BA" && level==0 && jtag_device_ctx=="jsn4-0362f093-0"}' command is executed.
14:13:24 INFO  : Device configured successfully with "C:/Users/corey/UIUC/ECE/ECE385/Lab6/lab6workspace/mb_blink/_ide/bitstream/mb_intro_top.bit"
14:13:25 INFO  : Context for processor 'microblaze_0' is selected.
14:13:25 INFO  : Hardware design and registers information is loaded from 'C:/Users/corey/UIUC/ECE/ECE385/Lab6/lab6workspace/mb_intro_top/export/mb_intro_top/hw/mb_intro_top.xsa'.
14:13:25 INFO  : 'configparams mdm-detect-bscan-mask 2' command is executed.
14:13:25 INFO  : Context for processor 'microblaze_0' is selected.
14:13:25 INFO  : System reset is completed.
14:13:28 INFO  : 'after 3000' command is executed.
14:13:28 INFO  : Context for processor 'microblaze_0' is selected.
14:13:28 INFO  : The application 'C:/Users/corey/UIUC/ECE/ECE385/Lab6/lab6workspace/mb_blink/Debug/mb_blink.elf' is downloaded to processor 'microblaze_0'.
14:13:28 INFO  : ----------------XSDB Script----------------
connect -url tcp:127.0.0.1:3121
targets -set -filter {jtag_cable_name =~ "RealDigital Boo 88742923000BA" && level==0 && jtag_device_ctx=="jsn4-0362f093-0"}
fpga -file C:/Users/corey/UIUC/ECE/ECE385/Lab6/lab6workspace/mb_blink/_ide/bitstream/mb_intro_top.bit
targets -set -nocase -filter {name =~ "*microblaze*#0" && bscan=="USER2" }
loadhw -hw C:/Users/corey/UIUC/ECE/ECE385/Lab6/lab6workspace/mb_intro_top/export/mb_intro_top/hw/mb_intro_top.xsa -regs
configparams mdm-detect-bscan-mask 2
targets -set -nocase -filter {name =~ "*microblaze*#0" && bscan=="USER2" }
rst -system
after 3000
targets -set -nocase -filter {name =~ "*microblaze*#0" && bscan=="USER2" }
dow C:/Users/corey/UIUC/ECE/ECE385/Lab6/lab6workspace/mb_blink/Debug/mb_blink.elf
----------------End of Script----------------

14:13:28 INFO  : Context for processor 'microblaze_0' is selected.
14:13:28 INFO  : 'con' command is executed.
14:13:28 INFO  : ----------------XSDB Script (After Launch)----------------
targets -set -nocase -filter {name =~ "*microblaze*#0" && bscan=="USER2" }
con
----------------End of Script----------------

14:13:28 INFO  : Disconnected from the channel tcfchan#6.
14:16:00 INFO  : Checking for BSP changes to sync application flags for project 'mb_blink'...
14:16:52 INFO  : Hardware specification for platform project 'mb_intro_top' is updated.
14:17:12 INFO  : Result from executing command 'removePlatformRepo': 
14:17:29 INFO  : Result from executing command 'getProjects': mb_intro_top
14:17:29 INFO  : Result from executing command 'getPlatforms': xilinx_vck190_base_202220_1|C:/Xilinx/Vitis/2022.2/base_platforms/xilinx_vck190_base_202220_1/xilinx_vck190_base_202220_1.xpfm;xilinx_vck190_base_dfx_202220_1|C:/Xilinx/Vitis/2022.2/base_platforms/xilinx_vck190_base_dfx_202220_1/xilinx_vck190_base_dfx_202220_1.xpfm;xilinx_vmk180_base_202220_1|C:/Xilinx/Vitis/2022.2/base_platforms/xilinx_vmk180_base_202220_1/xilinx_vmk180_base_202220_1.xpfm;xilinx_zcu102_base_202220_1|C:/Xilinx/Vitis/2022.2/base_platforms/xilinx_zcu102_base_202220_1/xilinx_zcu102_base_202220_1.xpfm;xilinx_zcu102_base_dfx_202220_1|C:/Xilinx/Vitis/2022.2/base_platforms/xilinx_zcu102_base_dfx_202220_1/xilinx_zcu102_base_dfx_202220_1.xpfm;xilinx_zcu104_base_202220_1|C:/Xilinx/Vitis/2022.2/base_platforms/xilinx_zcu104_base_202220_1/xilinx_zcu104_base_202220_1.xpfm
14:18:53 INFO  : Checking for BSP changes to sync application flags for project 'mb_blink'...
14:18:56 INFO  : Checking for BSP changes to sync application flags for project 'mb_blink'...
14:18:57 INFO  : The hardware specification used by project 'mb_blink' is out of sync with the platform. Resource files extracted from the hardware specification will be updated.
14:18:57 INFO  : The file 'C:\Users\corey\UIUC\ECE\ECE385\Lab6\lab6workspace\mb_blink\_ide\bitstream\mb_intro_top.bit' stored in project is removed.
14:18:57 INFO  : The file 'C:\Users\corey\UIUC\ECE\ECE385\Lab6\lab6workspace\mb_blink\_ide\bitstream\mb_intro_top.mmi' stored in project is removed.
14:18:57 INFO  : The updated bitstream files are copied from platform to folder 'C:\Users\corey\UIUC\ECE\ECE385\Lab6\lab6workspace\mb_blink\_ide\bitstream' in project 'mb_blink'.
14:19:03 INFO  : Connected to target on host '127.0.0.1' and port '3121'.
14:19:03 INFO  : Jtag cable 'RealDigital Boo 88742923000BA' is selected.
14:19:03 INFO  : 'jtag frequency' command is executed.
14:19:03 INFO  : 'targets -set -filter {jtag_cable_name =~ "RealDigital Boo 88742923000BA" && level==0 && jtag_device_ctx=="jsn4-0362f093-0"}' command is executed.
14:19:04 INFO  : Device configured successfully with "C:/Users/corey/UIUC/ECE/ECE385/Lab6/lab6workspace/mb_blink/_ide/bitstream/mb_intro_top.bit"
14:19:04 INFO  : Context for processor 'microblaze_0' is selected.
14:19:05 INFO  : Hardware design and registers information is loaded from 'C:/Users/corey/UIUC/ECE/ECE385/Lab6/lab6workspace/mb_intro_top/export/mb_intro_top/hw/mb_intro_top.xsa'.
14:19:05 INFO  : 'configparams mdm-detect-bscan-mask 2' command is executed.
14:19:05 INFO  : Context for processor 'microblaze_0' is selected.
14:19:05 INFO  : System reset is completed.
14:19:08 INFO  : 'after 3000' command is executed.
14:19:08 INFO  : Context for processor 'microblaze_0' is selected.
14:19:08 INFO  : The application 'C:/Users/corey/UIUC/ECE/ECE385/Lab6/lab6workspace/mb_blink/Debug/mb_blink.elf' is downloaded to processor 'microblaze_0'.
14:19:08 INFO  : ----------------XSDB Script----------------
connect -url tcp:127.0.0.1:3121
targets -set -filter {jtag_cable_name =~ "RealDigital Boo 88742923000BA" && level==0 && jtag_device_ctx=="jsn4-0362f093-0"}
fpga -file C:/Users/corey/UIUC/ECE/ECE385/Lab6/lab6workspace/mb_blink/_ide/bitstream/mb_intro_top.bit
targets -set -nocase -filter {name =~ "*microblaze*#0" && bscan=="USER2" }
loadhw -hw C:/Users/corey/UIUC/ECE/ECE385/Lab6/lab6workspace/mb_intro_top/export/mb_intro_top/hw/mb_intro_top.xsa -regs
configparams mdm-detect-bscan-mask 2
targets -set -nocase -filter {name =~ "*microblaze*#0" && bscan=="USER2" }
rst -system
after 3000
targets -set -nocase -filter {name =~ "*microblaze*#0" && bscan=="USER2" }
dow C:/Users/corey/UIUC/ECE/ECE385/Lab6/lab6workspace/mb_blink/Debug/mb_blink.elf
----------------End of Script----------------

14:19:08 INFO  : Context for processor 'microblaze_0' is selected.
14:19:08 INFO  : 'con' command is executed.
14:19:08 INFO  : ----------------XSDB Script (After Launch)----------------
targets -set -nocase -filter {name =~ "*microblaze*#0" && bscan=="USER2" }
con
----------------End of Script----------------

14:19:08 INFO  : Disconnected from the channel tcfchan#9.
14:19:41 INFO  : Result from executing command 'removePlatformRepo': 
14:19:58 INFO  : Result from executing command 'getProjects': mb_intro_top
14:19:58 INFO  : Result from executing command 'getPlatforms': xilinx_vck190_base_202220_1|C:/Xilinx/Vitis/2022.2/base_platforms/xilinx_vck190_base_202220_1/xilinx_vck190_base_202220_1.xpfm;xilinx_vck190_base_dfx_202220_1|C:/Xilinx/Vitis/2022.2/base_platforms/xilinx_vck190_base_dfx_202220_1/xilinx_vck190_base_dfx_202220_1.xpfm;xilinx_vmk180_base_202220_1|C:/Xilinx/Vitis/2022.2/base_platforms/xilinx_vmk180_base_202220_1/xilinx_vmk180_base_202220_1.xpfm;xilinx_zcu102_base_202220_1|C:/Xilinx/Vitis/2022.2/base_platforms/xilinx_zcu102_base_202220_1/xilinx_zcu102_base_202220_1.xpfm;xilinx_zcu102_base_dfx_202220_1|C:/Xilinx/Vitis/2022.2/base_platforms/xilinx_zcu102_base_dfx_202220_1/xilinx_zcu102_base_dfx_202220_1.xpfm;xilinx_zcu104_base_202220_1|C:/Xilinx/Vitis/2022.2/base_platforms/xilinx_zcu104_base_202220_1/xilinx_zcu104_base_202220_1.xpfm
14:20:00 INFO  : Checking for BSP changes to sync application flags for project 'mb_blink'...
14:20:09 INFO  : Connected to target on host '127.0.0.1' and port '3121'.
14:20:16 INFO  : Jtag cable 'RealDigital Boo 88742923000BA' is selected.
14:20:16 INFO  : 'jtag frequency' command is executed.
14:20:16 INFO  : 'targets -set -filter {jtag_cable_name =~ "RealDigital Boo 88742923000BA" && level==0 && jtag_device_ctx=="jsn4-0362f093-0"}' command is executed.
14:20:17 INFO  : Device configured successfully with "C:/Users/corey/UIUC/ECE/ECE385/Lab6/lab6workspace/mb_blink/_ide/bitstream/mb_intro_top.bit"
14:20:17 INFO  : Context for processor 'microblaze_0' is selected.
14:20:17 INFO  : Hardware design and registers information is loaded from 'C:/Users/corey/UIUC/ECE/ECE385/Lab6/lab6workspace/mb_intro_top/export/mb_intro_top/hw/mb_intro_top.xsa'.
14:20:17 INFO  : 'configparams mdm-detect-bscan-mask 2' command is executed.
14:20:17 INFO  : Context for processor 'microblaze_0' is selected.
14:20:17 INFO  : System reset is completed.
14:20:20 INFO  : 'after 3000' command is executed.
14:20:20 INFO  : Context for processor 'microblaze_0' is selected.
14:20:21 INFO  : The application 'C:/Users/corey/UIUC/ECE/ECE385/Lab6/lab6workspace/mb_blink/Debug/mb_blink.elf' is downloaded to processor 'microblaze_0'.
14:20:21 INFO  : ----------------XSDB Script----------------
connect -url tcp:127.0.0.1:3121
targets -set -filter {jtag_cable_name =~ "RealDigital Boo 88742923000BA" && level==0 && jtag_device_ctx=="jsn4-0362f093-0"}
fpga -file C:/Users/corey/UIUC/ECE/ECE385/Lab6/lab6workspace/mb_blink/_ide/bitstream/mb_intro_top.bit
targets -set -nocase -filter {name =~ "*microblaze*#0" && bscan=="USER2" }
loadhw -hw C:/Users/corey/UIUC/ECE/ECE385/Lab6/lab6workspace/mb_intro_top/export/mb_intro_top/hw/mb_intro_top.xsa -regs
configparams mdm-detect-bscan-mask 2
targets -set -nocase -filter {name =~ "*microblaze*#0" && bscan=="USER2" }
rst -system
after 3000
targets -set -nocase -filter {name =~ "*microblaze*#0" && bscan=="USER2" }
dow C:/Users/corey/UIUC/ECE/ECE385/Lab6/lab6workspace/mb_blink/Debug/mb_blink.elf
----------------End of Script----------------

14:20:21 INFO  : Context for processor 'microblaze_0' is selected.
14:20:21 INFO  : 'con' command is executed.
14:20:21 INFO  : ----------------XSDB Script (After Launch)----------------
targets -set -nocase -filter {name =~ "*microblaze*#0" && bscan=="USER2" }
con
----------------End of Script----------------

14:20:21 INFO  : Disconnected from the channel tcfchan#12.
14:21:37 INFO  : Result from executing command 'removePlatformRepo': 
14:21:45 INFO  : Hardware specification for platform project 'mb_intro_top' is updated.
14:22:06 INFO  : Result from executing command 'getProjects': mb_intro_top
14:22:06 INFO  : Result from executing command 'getPlatforms': xilinx_vck190_base_202220_1|C:/Xilinx/Vitis/2022.2/base_platforms/xilinx_vck190_base_202220_1/xilinx_vck190_base_202220_1.xpfm;xilinx_vck190_base_dfx_202220_1|C:/Xilinx/Vitis/2022.2/base_platforms/xilinx_vck190_base_dfx_202220_1/xilinx_vck190_base_dfx_202220_1.xpfm;xilinx_vmk180_base_202220_1|C:/Xilinx/Vitis/2022.2/base_platforms/xilinx_vmk180_base_202220_1/xilinx_vmk180_base_202220_1.xpfm;xilinx_zcu102_base_202220_1|C:/Xilinx/Vitis/2022.2/base_platforms/xilinx_zcu102_base_202220_1/xilinx_zcu102_base_202220_1.xpfm;xilinx_zcu102_base_dfx_202220_1|C:/Xilinx/Vitis/2022.2/base_platforms/xilinx_zcu102_base_dfx_202220_1/xilinx_zcu102_base_dfx_202220_1.xpfm;xilinx_zcu104_base_202220_1|C:/Xilinx/Vitis/2022.2/base_platforms/xilinx_zcu104_base_202220_1/xilinx_zcu104_base_202220_1.xpfm
14:22:07 INFO  : Checking for BSP changes to sync application flags for project 'mb_blink'...
14:22:19 INFO  : Connected to target on host '127.0.0.1' and port '3121'.
14:22:34 INFO  : Jtag cable 'RealDigital Boo 88742923000BA' is selected.
14:22:34 INFO  : 'jtag frequency' command is executed.
14:22:34 INFO  : 'targets -set -filter {jtag_cable_name =~ "RealDigital Boo 88742923000BA" && level==0 && jtag_device_ctx=="jsn4-0362f093-0"}' command is executed.
14:22:36 INFO  : Device configured successfully with "C:/Users/corey/UIUC/ECE/ECE385/Lab6/lab6workspace/mb_blink/_ide/bitstream/mb_intro_top.bit"
14:22:36 INFO  : Context for processor 'microblaze_0' is selected.
14:22:36 INFO  : Hardware design and registers information is loaded from 'C:/Users/corey/UIUC/ECE/ECE385/Lab6/lab6workspace/mb_intro_top/export/mb_intro_top/hw/mb_intro_top.xsa'.
14:22:36 INFO  : 'configparams mdm-detect-bscan-mask 2' command is executed.
14:22:36 INFO  : Context for processor 'microblaze_0' is selected.
14:22:36 INFO  : System reset is completed.
14:22:39 INFO  : 'after 3000' command is executed.
14:22:39 INFO  : Context for processor 'microblaze_0' is selected.
14:22:39 INFO  : The application 'C:/Users/corey/UIUC/ECE/ECE385/Lab6/lab6workspace/mb_blink/Debug/mb_blink.elf' is downloaded to processor 'microblaze_0'.
14:22:39 INFO  : ----------------XSDB Script----------------
connect -url tcp:127.0.0.1:3121
targets -set -filter {jtag_cable_name =~ "RealDigital Boo 88742923000BA" && level==0 && jtag_device_ctx=="jsn4-0362f093-0"}
fpga -file C:/Users/corey/UIUC/ECE/ECE385/Lab6/lab6workspace/mb_blink/_ide/bitstream/mb_intro_top.bit
targets -set -nocase -filter {name =~ "*microblaze*#0" && bscan=="USER2" }
loadhw -hw C:/Users/corey/UIUC/ECE/ECE385/Lab6/lab6workspace/mb_intro_top/export/mb_intro_top/hw/mb_intro_top.xsa -regs
configparams mdm-detect-bscan-mask 2
targets -set -nocase -filter {name =~ "*microblaze*#0" && bscan=="USER2" }
rst -system
after 3000
targets -set -nocase -filter {name =~ "*microblaze*#0" && bscan=="USER2" }
dow C:/Users/corey/UIUC/ECE/ECE385/Lab6/lab6workspace/mb_blink/Debug/mb_blink.elf
----------------End of Script----------------

14:22:39 INFO  : Context for processor 'microblaze_0' is selected.
14:22:39 INFO  : 'con' command is executed.
14:22:39 INFO  : ----------------XSDB Script (After Launch)----------------
targets -set -nocase -filter {name =~ "*microblaze*#0" && bscan=="USER2" }
con
----------------End of Script----------------

14:22:39 INFO  : Disconnected from the channel tcfchan#15.
14:35:21 INFO  : Result from executing command 'removePlatformRepo': 
14:35:33 INFO  : Hardware specification for platform project 'mb_intro_top' is updated.
14:35:51 INFO  : Result from executing command 'getProjects': mb_intro_top
14:35:51 INFO  : Result from executing command 'getPlatforms': xilinx_vck190_base_202220_1|C:/Xilinx/Vitis/2022.2/base_platforms/xilinx_vck190_base_202220_1/xilinx_vck190_base_202220_1.xpfm;xilinx_vck190_base_dfx_202220_1|C:/Xilinx/Vitis/2022.2/base_platforms/xilinx_vck190_base_dfx_202220_1/xilinx_vck190_base_dfx_202220_1.xpfm;xilinx_vmk180_base_202220_1|C:/Xilinx/Vitis/2022.2/base_platforms/xilinx_vmk180_base_202220_1/xilinx_vmk180_base_202220_1.xpfm;xilinx_zcu102_base_202220_1|C:/Xilinx/Vitis/2022.2/base_platforms/xilinx_zcu102_base_202220_1/xilinx_zcu102_base_202220_1.xpfm;xilinx_zcu102_base_dfx_202220_1|C:/Xilinx/Vitis/2022.2/base_platforms/xilinx_zcu102_base_dfx_202220_1/xilinx_zcu102_base_dfx_202220_1.xpfm;xilinx_zcu104_base_202220_1|C:/Xilinx/Vitis/2022.2/base_platforms/xilinx_zcu104_base_202220_1/xilinx_zcu104_base_202220_1.xpfm
14:35:52 INFO  : Checking for BSP changes to sync application flags for project 'mb_blink'...
14:35:54 INFO  : The hardware specification used by project 'mb_blink' is out of sync with the platform. Resource files extracted from the hardware specification will be updated.
14:35:54 INFO  : The file 'C:\Users\corey\UIUC\ECE\ECE385\Lab6\lab6workspace\mb_blink\_ide\bitstream\mb_intro_top.bit' stored in project is removed.
14:35:54 INFO  : The file 'C:\Users\corey\UIUC\ECE\ECE385\Lab6\lab6workspace\mb_blink\_ide\bitstream\mb_intro_top.mmi' stored in project is removed.
14:35:54 INFO  : The updated bitstream files are copied from platform to folder 'C:\Users\corey\UIUC\ECE\ECE385\Lab6\lab6workspace\mb_blink\_ide\bitstream' in project 'mb_blink'.
14:36:17 INFO  : Connected to target on host '127.0.0.1' and port '3121'.
14:36:17 INFO  : Jtag cable 'RealDigital Boo 88742923000BA' is selected.
14:36:17 INFO  : 'jtag frequency' command is executed.
14:36:17 INFO  : 'targets -set -filter {jtag_cable_name =~ "RealDigital Boo 88742923000BA" && level==0 && jtag_device_ctx=="jsn4-0362f093-0"}' command is executed.
14:36:19 INFO  : Device configured successfully with "C:/Users/corey/UIUC/ECE/ECE385/Lab6/lab6workspace/mb_blink/_ide/bitstream/mb_intro_top.bit"
14:36:19 INFO  : Context for processor 'microblaze_0' is selected.
14:36:19 INFO  : Hardware design and registers information is loaded from 'C:/Users/corey/UIUC/ECE/ECE385/Lab6/lab6workspace/mb_intro_top/export/mb_intro_top/hw/mb_intro_top.xsa'.
14:36:19 INFO  : 'configparams mdm-detect-bscan-mask 2' command is executed.
14:36:19 INFO  : Context for processor 'microblaze_0' is selected.
14:36:19 INFO  : System reset is completed.
14:36:22 INFO  : 'after 3000' command is executed.
14:36:22 INFO  : Context for processor 'microblaze_0' is selected.
14:36:22 INFO  : The application 'C:/Users/corey/UIUC/ECE/ECE385/Lab6/lab6workspace/mb_blink/Debug/mb_blink.elf' is downloaded to processor 'microblaze_0'.
14:36:22 INFO  : ----------------XSDB Script----------------
connect -url tcp:127.0.0.1:3121
targets -set -filter {jtag_cable_name =~ "RealDigital Boo 88742923000BA" && level==0 && jtag_device_ctx=="jsn4-0362f093-0"}
fpga -file C:/Users/corey/UIUC/ECE/ECE385/Lab6/lab6workspace/mb_blink/_ide/bitstream/mb_intro_top.bit
targets -set -nocase -filter {name =~ "*microblaze*#0" && bscan=="USER2" }
loadhw -hw C:/Users/corey/UIUC/ECE/ECE385/Lab6/lab6workspace/mb_intro_top/export/mb_intro_top/hw/mb_intro_top.xsa -regs
configparams mdm-detect-bscan-mask 2
targets -set -nocase -filter {name =~ "*microblaze*#0" && bscan=="USER2" }
rst -system
after 3000
targets -set -nocase -filter {name =~ "*microblaze*#0" && bscan=="USER2" }
dow C:/Users/corey/UIUC/ECE/ECE385/Lab6/lab6workspace/mb_blink/Debug/mb_blink.elf
----------------End of Script----------------

14:36:22 INFO  : Context for processor 'microblaze_0' is selected.
14:36:22 INFO  : 'con' command is executed.
14:36:22 INFO  : ----------------XSDB Script (After Launch)----------------
targets -set -nocase -filter {name =~ "*microblaze*#0" && bscan=="USER2" }
con
----------------End of Script----------------

14:36:22 INFO  : Disconnected from the channel tcfchan#18.
14:36:25 INFO  : Connected to target on host '127.0.0.1' and port '3121'.
14:36:25 INFO  : Jtag cable 'RealDigital Boo 88742923000BA' is selected.
14:36:25 INFO  : 'jtag frequency' command is executed.
14:36:26 INFO  : 'targets -set -filter {jtag_cable_name =~ "RealDigital Boo 88742923000BA" && level==0 && jtag_device_ctx=="jsn4-0362f093-0"}' command is executed.
14:36:27 INFO  : Device configured successfully with "C:/Users/corey/UIUC/ECE/ECE385/Lab6/lab6workspace/mb_blink/_ide/bitstream/mb_intro_top.bit"
14:36:27 INFO  : Context for processor 'microblaze_0' is selected.
14:36:27 INFO  : Hardware design and registers information is loaded from 'C:/Users/corey/UIUC/ECE/ECE385/Lab6/lab6workspace/mb_intro_top/export/mb_intro_top/hw/mb_intro_top.xsa'.
14:36:27 INFO  : 'configparams mdm-detect-bscan-mask 2' command is executed.
14:36:27 INFO  : Context for processor 'microblaze_0' is selected.
14:36:27 INFO  : System reset is completed.
14:36:30 INFO  : 'after 3000' command is executed.
14:36:30 INFO  : Context for processor 'microblaze_0' is selected.
14:36:30 INFO  : The application 'C:/Users/corey/UIUC/ECE/ECE385/Lab6/lab6workspace/mb_blink/Debug/mb_blink.elf' is downloaded to processor 'microblaze_0'.
14:36:30 INFO  : ----------------XSDB Script----------------
connect -url tcp:127.0.0.1:3121
targets -set -filter {jtag_cable_name =~ "RealDigital Boo 88742923000BA" && level==0 && jtag_device_ctx=="jsn4-0362f093-0"}
fpga -file C:/Users/corey/UIUC/ECE/ECE385/Lab6/lab6workspace/mb_blink/_ide/bitstream/mb_intro_top.bit
targets -set -nocase -filter {name =~ "*microblaze*#0" && bscan=="USER2" }
loadhw -hw C:/Users/corey/UIUC/ECE/ECE385/Lab6/lab6workspace/mb_intro_top/export/mb_intro_top/hw/mb_intro_top.xsa -regs
configparams mdm-detect-bscan-mask 2
targets -set -nocase -filter {name =~ "*microblaze*#0" && bscan=="USER2" }
rst -system
after 3000
targets -set -nocase -filter {name =~ "*microblaze*#0" && bscan=="USER2" }
dow C:/Users/corey/UIUC/ECE/ECE385/Lab6/lab6workspace/mb_blink/Debug/mb_blink.elf
----------------End of Script----------------

14:36:30 INFO  : Context for processor 'microblaze_0' is selected.
14:36:30 INFO  : 'con' command is executed.
14:36:30 INFO  : ----------------XSDB Script (After Launch)----------------
targets -set -nocase -filter {name =~ "*microblaze*#0" && bscan=="USER2" }
con
----------------End of Script----------------

14:36:30 INFO  : Disconnected from the channel tcfchan#19.
14:39:51 INFO  : Result from executing command 'removePlatformRepo': 
14:39:58 INFO  : Hardware specification for platform project 'mb_intro_top' is updated.
14:40:21 INFO  : Result from executing command 'getProjects': mb_intro_top
14:40:21 INFO  : Result from executing command 'getPlatforms': xilinx_vck190_base_202220_1|C:/Xilinx/Vitis/2022.2/base_platforms/xilinx_vck190_base_202220_1/xilinx_vck190_base_202220_1.xpfm;xilinx_vck190_base_dfx_202220_1|C:/Xilinx/Vitis/2022.2/base_platforms/xilinx_vck190_base_dfx_202220_1/xilinx_vck190_base_dfx_202220_1.xpfm;xilinx_vmk180_base_202220_1|C:/Xilinx/Vitis/2022.2/base_platforms/xilinx_vmk180_base_202220_1/xilinx_vmk180_base_202220_1.xpfm;xilinx_zcu102_base_202220_1|C:/Xilinx/Vitis/2022.2/base_platforms/xilinx_zcu102_base_202220_1/xilinx_zcu102_base_202220_1.xpfm;xilinx_zcu102_base_dfx_202220_1|C:/Xilinx/Vitis/2022.2/base_platforms/xilinx_zcu102_base_dfx_202220_1/xilinx_zcu102_base_dfx_202220_1.xpfm;xilinx_zcu104_base_202220_1|C:/Xilinx/Vitis/2022.2/base_platforms/xilinx_zcu104_base_202220_1/xilinx_zcu104_base_202220_1.xpfm
14:40:23 INFO  : Checking for BSP changes to sync application flags for project 'mb_blink'...
14:41:47 INFO  : Checking for BSP changes to sync application flags for project 'mb_blink'...
14:42:06 INFO  : Checking for BSP changes to sync application flags for project 'mb_blink'...
14:42:13 INFO  : Connected to target on host '127.0.0.1' and port '3121'.
14:42:13 INFO  : Jtag cable 'RealDigital Boo 88742923000BA' is selected.
14:42:13 INFO  : 'jtag frequency' command is executed.
14:42:13 INFO  : 'targets -set -filter {jtag_cable_name =~ "RealDigital Boo 88742923000BA" && level==0 && jtag_device_ctx=="jsn4-0362f093-0"}' command is executed.
14:42:15 INFO  : Device configured successfully with "C:/Users/corey/UIUC/ECE/ECE385/Lab6/lab6workspace/mb_blink/_ide/bitstream/mb_intro_top.bit"
14:42:15 INFO  : Context for processor 'microblaze_0' is selected.
14:42:15 INFO  : Hardware design and registers information is loaded from 'C:/Users/corey/UIUC/ECE/ECE385/Lab6/lab6workspace/mb_intro_top/export/mb_intro_top/hw/mb_intro_top.xsa'.
14:42:15 INFO  : 'configparams mdm-detect-bscan-mask 2' command is executed.
14:42:15 INFO  : Context for processor 'microblaze_0' is selected.
14:42:15 INFO  : System reset is completed.
14:42:18 INFO  : 'after 3000' command is executed.
14:42:18 INFO  : Context for processor 'microblaze_0' is selected.
14:42:18 INFO  : The application 'C:/Users/corey/UIUC/ECE/ECE385/Lab6/lab6workspace/mb_blink/Debug/mb_blink.elf' is downloaded to processor 'microblaze_0'.
14:42:18 INFO  : ----------------XSDB Script----------------
connect -url tcp:127.0.0.1:3121
targets -set -filter {jtag_cable_name =~ "RealDigital Boo 88742923000BA" && level==0 && jtag_device_ctx=="jsn4-0362f093-0"}
fpga -file C:/Users/corey/UIUC/ECE/ECE385/Lab6/lab6workspace/mb_blink/_ide/bitstream/mb_intro_top.bit
targets -set -nocase -filter {name =~ "*microblaze*#0" && bscan=="USER2" }
loadhw -hw C:/Users/corey/UIUC/ECE/ECE385/Lab6/lab6workspace/mb_intro_top/export/mb_intro_top/hw/mb_intro_top.xsa -regs
configparams mdm-detect-bscan-mask 2
targets -set -nocase -filter {name =~ "*microblaze*#0" && bscan=="USER2" }
rst -system
after 3000
targets -set -nocase -filter {name =~ "*microblaze*#0" && bscan=="USER2" }
dow C:/Users/corey/UIUC/ECE/ECE385/Lab6/lab6workspace/mb_blink/Debug/mb_blink.elf
----------------End of Script----------------

14:42:18 INFO  : Context for processor 'microblaze_0' is selected.
14:42:18 INFO  : 'con' command is executed.
14:42:18 INFO  : ----------------XSDB Script (After Launch)----------------
targets -set -nocase -filter {name =~ "*microblaze*#0" && bscan=="USER2" }
con
----------------End of Script----------------

14:42:18 INFO  : Disconnected from the channel tcfchan#22.
14:49:00 INFO  : Checking for BSP changes to sync application flags for project 'mb_blink'...
14:49:08 INFO  : Connected to target on host '127.0.0.1' and port '3121'.
14:49:08 INFO  : Jtag cable 'RealDigital Boo 88742923000BA' is selected.
14:49:08 INFO  : 'jtag frequency' command is executed.
14:49:08 INFO  : 'targets -set -filter {jtag_cable_name =~ "RealDigital Boo 88742923000BA" && level==0 && jtag_device_ctx=="jsn4-0362f093-0"}' command is executed.
14:49:10 INFO  : Device configured successfully with "C:/Users/corey/UIUC/ECE/ECE385/Lab6/lab6workspace/mb_blink/_ide/bitstream/mb_intro_top.bit"
14:49:10 INFO  : Context for processor 'microblaze_0' is selected.
14:49:10 INFO  : Hardware design and registers information is loaded from 'C:/Users/corey/UIUC/ECE/ECE385/Lab6/lab6workspace/mb_intro_top/export/mb_intro_top/hw/mb_intro_top.xsa'.
14:49:10 INFO  : 'configparams mdm-detect-bscan-mask 2' command is executed.
14:49:10 INFO  : Context for processor 'microblaze_0' is selected.
14:49:10 INFO  : System reset is completed.
14:49:13 INFO  : 'after 3000' command is executed.
14:49:13 INFO  : Context for processor 'microblaze_0' is selected.
14:49:13 INFO  : The application 'C:/Users/corey/UIUC/ECE/ECE385/Lab6/lab6workspace/mb_blink/Debug/mb_blink.elf' is downloaded to processor 'microblaze_0'.
14:49:13 INFO  : ----------------XSDB Script----------------
connect -url tcp:127.0.0.1:3121
targets -set -filter {jtag_cable_name =~ "RealDigital Boo 88742923000BA" && level==0 && jtag_device_ctx=="jsn4-0362f093-0"}
fpga -file C:/Users/corey/UIUC/ECE/ECE385/Lab6/lab6workspace/mb_blink/_ide/bitstream/mb_intro_top.bit
targets -set -nocase -filter {name =~ "*microblaze*#0" && bscan=="USER2" }
loadhw -hw C:/Users/corey/UIUC/ECE/ECE385/Lab6/lab6workspace/mb_intro_top/export/mb_intro_top/hw/mb_intro_top.xsa -regs
configparams mdm-detect-bscan-mask 2
targets -set -nocase -filter {name =~ "*microblaze*#0" && bscan=="USER2" }
rst -system
after 3000
targets -set -nocase -filter {name =~ "*microblaze*#0" && bscan=="USER2" }
dow C:/Users/corey/UIUC/ECE/ECE385/Lab6/lab6workspace/mb_blink/Debug/mb_blink.elf
----------------End of Script----------------

14:49:13 INFO  : Context for processor 'microblaze_0' is selected.
14:49:13 INFO  : 'con' command is executed.
14:49:13 INFO  : ----------------XSDB Script (After Launch)----------------
targets -set -nocase -filter {name =~ "*microblaze*#0" && bscan=="USER2" }
con
----------------End of Script----------------

14:49:13 INFO  : Disconnected from the channel tcfchan#23.
14:52:27 INFO  : Checking for BSP changes to sync application flags for project 'mb_blink'...
14:52:34 INFO  : Connected to target on host '127.0.0.1' and port '3121'.
14:52:35 INFO  : Jtag cable 'RealDigital Boo 88742923000BA' is selected.
14:52:35 INFO  : 'jtag frequency' command is executed.
14:52:35 INFO  : 'targets -set -filter {jtag_cable_name =~ "RealDigital Boo 88742923000BA" && level==0 && jtag_device_ctx=="jsn4-0362f093-0"}' command is executed.
14:52:36 INFO  : Device configured successfully with "C:/Users/corey/UIUC/ECE/ECE385/Lab6/lab6workspace/mb_blink/_ide/bitstream/mb_intro_top.bit"
14:52:36 INFO  : Context for processor 'microblaze_0' is selected.
14:52:36 INFO  : Hardware design and registers information is loaded from 'C:/Users/corey/UIUC/ECE/ECE385/Lab6/lab6workspace/mb_intro_top/export/mb_intro_top/hw/mb_intro_top.xsa'.
14:52:36 INFO  : 'configparams mdm-detect-bscan-mask 2' command is executed.
14:52:36 INFO  : Context for processor 'microblaze_0' is selected.
14:52:36 INFO  : System reset is completed.
14:52:39 INFO  : 'after 3000' command is executed.
14:52:39 INFO  : Context for processor 'microblaze_0' is selected.
14:52:39 INFO  : The application 'C:/Users/corey/UIUC/ECE/ECE385/Lab6/lab6workspace/mb_blink/Debug/mb_blink.elf' is downloaded to processor 'microblaze_0'.
14:52:39 INFO  : ----------------XSDB Script----------------
connect -url tcp:127.0.0.1:3121
targets -set -filter {jtag_cable_name =~ "RealDigital Boo 88742923000BA" && level==0 && jtag_device_ctx=="jsn4-0362f093-0"}
fpga -file C:/Users/corey/UIUC/ECE/ECE385/Lab6/lab6workspace/mb_blink/_ide/bitstream/mb_intro_top.bit
targets -set -nocase -filter {name =~ "*microblaze*#0" && bscan=="USER2" }
loadhw -hw C:/Users/corey/UIUC/ECE/ECE385/Lab6/lab6workspace/mb_intro_top/export/mb_intro_top/hw/mb_intro_top.xsa -regs
configparams mdm-detect-bscan-mask 2
targets -set -nocase -filter {name =~ "*microblaze*#0" && bscan=="USER2" }
rst -system
after 3000
targets -set -nocase -filter {name =~ "*microblaze*#0" && bscan=="USER2" }
dow C:/Users/corey/UIUC/ECE/ECE385/Lab6/lab6workspace/mb_blink/Debug/mb_blink.elf
----------------End of Script----------------

14:52:39 INFO  : Context for processor 'microblaze_0' is selected.
14:52:39 INFO  : 'con' command is executed.
14:52:39 INFO  : ----------------XSDB Script (After Launch)----------------
targets -set -nocase -filter {name =~ "*microblaze*#0" && bscan=="USER2" }
con
----------------End of Script----------------

14:52:39 INFO  : Disconnected from the channel tcfchan#24.
14:54:31 INFO  : Checking for BSP changes to sync application flags for project 'mb_blink'...
14:54:40 INFO  : Connected to target on host '127.0.0.1' and port '3121'.
14:54:40 INFO  : Jtag cable 'RealDigital Boo 88742923000BA' is selected.
14:54:40 INFO  : 'jtag frequency' command is executed.
14:54:40 INFO  : 'targets -set -filter {jtag_cable_name =~ "RealDigital Boo 88742923000BA" && level==0 && jtag_device_ctx=="jsn4-0362f093-0"}' command is executed.
14:54:41 INFO  : Device configured successfully with "C:/Users/corey/UIUC/ECE/ECE385/Lab6/lab6workspace/mb_blink/_ide/bitstream/mb_intro_top.bit"
14:54:42 INFO  : Context for processor 'microblaze_0' is selected.
14:54:42 INFO  : Hardware design and registers information is loaded from 'C:/Users/corey/UIUC/ECE/ECE385/Lab6/lab6workspace/mb_intro_top/export/mb_intro_top/hw/mb_intro_top.xsa'.
14:54:42 INFO  : 'configparams mdm-detect-bscan-mask 2' command is executed.
14:54:42 INFO  : Context for processor 'microblaze_0' is selected.
14:54:42 INFO  : System reset is completed.
14:54:45 INFO  : 'after 3000' command is executed.
14:54:45 INFO  : Context for processor 'microblaze_0' is selected.
14:54:45 INFO  : The application 'C:/Users/corey/UIUC/ECE/ECE385/Lab6/lab6workspace/mb_blink/Debug/mb_blink.elf' is downloaded to processor 'microblaze_0'.
14:54:45 INFO  : ----------------XSDB Script----------------
connect -url tcp:127.0.0.1:3121
targets -set -filter {jtag_cable_name =~ "RealDigital Boo 88742923000BA" && level==0 && jtag_device_ctx=="jsn4-0362f093-0"}
fpga -file C:/Users/corey/UIUC/ECE/ECE385/Lab6/lab6workspace/mb_blink/_ide/bitstream/mb_intro_top.bit
targets -set -nocase -filter {name =~ "*microblaze*#0" && bscan=="USER2" }
loadhw -hw C:/Users/corey/UIUC/ECE/ECE385/Lab6/lab6workspace/mb_intro_top/export/mb_intro_top/hw/mb_intro_top.xsa -regs
configparams mdm-detect-bscan-mask 2
targets -set -nocase -filter {name =~ "*microblaze*#0" && bscan=="USER2" }
rst -system
after 3000
targets -set -nocase -filter {name =~ "*microblaze*#0" && bscan=="USER2" }
dow C:/Users/corey/UIUC/ECE/ECE385/Lab6/lab6workspace/mb_blink/Debug/mb_blink.elf
----------------End of Script----------------

14:54:45 INFO  : Context for processor 'microblaze_0' is selected.
14:54:45 INFO  : 'con' command is executed.
14:54:45 INFO  : ----------------XSDB Script (After Launch)----------------
targets -set -nocase -filter {name =~ "*microblaze*#0" && bscan=="USER2" }
con
----------------End of Script----------------

14:54:45 INFO  : Disconnected from the channel tcfchan#25.
14:55:24 INFO  : Checking for BSP changes to sync application flags for project 'mb_blink'...
14:55:29 INFO  : Connected to target on host '127.0.0.1' and port '3121'.
14:55:29 INFO  : Jtag cable 'RealDigital Boo 88742923000BA' is selected.
14:55:29 INFO  : 'jtag frequency' command is executed.
14:55:29 INFO  : 'targets -set -filter {jtag_cable_name =~ "RealDigital Boo 88742923000BA" && level==0 && jtag_device_ctx=="jsn4-0362f093-0"}' command is executed.
14:55:31 INFO  : Device configured successfully with "C:/Users/corey/UIUC/ECE/ECE385/Lab6/lab6workspace/mb_blink/_ide/bitstream/mb_intro_top.bit"
14:55:31 INFO  : Context for processor 'microblaze_0' is selected.
14:55:31 INFO  : Hardware design and registers information is loaded from 'C:/Users/corey/UIUC/ECE/ECE385/Lab6/lab6workspace/mb_intro_top/export/mb_intro_top/hw/mb_intro_top.xsa'.
14:55:31 INFO  : 'configparams mdm-detect-bscan-mask 2' command is executed.
14:55:31 INFO  : Context for processor 'microblaze_0' is selected.
14:55:31 INFO  : System reset is completed.
14:55:34 INFO  : 'after 3000' command is executed.
14:55:34 INFO  : Context for processor 'microblaze_0' is selected.
14:55:34 INFO  : The application 'C:/Users/corey/UIUC/ECE/ECE385/Lab6/lab6workspace/mb_blink/Debug/mb_blink.elf' is downloaded to processor 'microblaze_0'.
14:55:34 INFO  : ----------------XSDB Script----------------
connect -url tcp:127.0.0.1:3121
targets -set -filter {jtag_cable_name =~ "RealDigital Boo 88742923000BA" && level==0 && jtag_device_ctx=="jsn4-0362f093-0"}
fpga -file C:/Users/corey/UIUC/ECE/ECE385/Lab6/lab6workspace/mb_blink/_ide/bitstream/mb_intro_top.bit
targets -set -nocase -filter {name =~ "*microblaze*#0" && bscan=="USER2" }
loadhw -hw C:/Users/corey/UIUC/ECE/ECE385/Lab6/lab6workspace/mb_intro_top/export/mb_intro_top/hw/mb_intro_top.xsa -regs
configparams mdm-detect-bscan-mask 2
targets -set -nocase -filter {name =~ "*microblaze*#0" && bscan=="USER2" }
rst -system
after 3000
targets -set -nocase -filter {name =~ "*microblaze*#0" && bscan=="USER2" }
dow C:/Users/corey/UIUC/ECE/ECE385/Lab6/lab6workspace/mb_blink/Debug/mb_blink.elf
----------------End of Script----------------

14:55:34 INFO  : Context for processor 'microblaze_0' is selected.
14:55:34 INFO  : 'con' command is executed.
14:55:34 INFO  : ----------------XSDB Script (After Launch)----------------
targets -set -nocase -filter {name =~ "*microblaze*#0" && bscan=="USER2" }
con
----------------End of Script----------------

14:55:34 INFO  : Disconnected from the channel tcfchan#26.
12:09:48 DEBUG : Logs will be stored at 'C:/Users/corey/UIUC/ECE/ECE385/Lab6/lab6workspace/IDE.log'.
12:09:49 INFO  : Launching XSCT server: xsct.bat -n  -interactive C:\Users\corey\UIUC\ECE\ECE385\Lab6\lab6workspace\temp_xsdb_launch_script.tcl
12:09:55 INFO  : XSCT server has started successfully.
12:09:55 INFO  : Successfully done setting XSCT server connection channel  
12:09:55 INFO  : plnx-install-location is set to ''
12:09:55 INFO  : Successfully done setting workspace for the tool. 
12:09:57 INFO  : Registering command handlers for Vitis TCF services
12:09:58 INFO  : Successfully done query RDI_DATADIR 
12:09:59 INFO  : Platform repository initialization has completed.
13:37:10 INFO  : Connected to target on host '127.0.0.1' and port '3121'.
13:37:11 INFO  : Jtag cable 'RealDigital Boo 887429230025A' is selected.
13:37:11 INFO  : 'jtag frequency' command is executed.
13:37:11 INFO  : 'targets -set -filter {jtag_cable_name =~ "RealDigital Boo 887429230025A" && level==0 && jtag_device_ctx=="jsn1-0362f093-0"}' command is executed.
13:37:12 INFO  : Device configured successfully with "C:/Users/corey/UIUC/ECE/ECE385/Lab6/lab6workspace/mb_blink/_ide/bitstream/mb_intro_top.bit"
13:37:12 INFO  : Context for processor 'microblaze_0' is selected.
13:37:12 INFO  : Hardware design and registers information is loaded from 'C:/Users/corey/UIUC/ECE/ECE385/Lab6/lab6workspace/mb_intro_top/export/mb_intro_top/hw/mb_intro_top.xsa'.
13:37:12 INFO  : 'configparams mdm-detect-bscan-mask 2' command is executed.
13:37:12 INFO  : Context for processor 'microblaze_0' is selected.
13:37:12 INFO  : System reset is completed.
13:37:15 INFO  : 'after 3000' command is executed.
13:37:15 INFO  : Context for processor 'microblaze_0' is selected.
13:37:15 INFO  : The application 'C:/Users/corey/UIUC/ECE/ECE385/Lab6/lab6workspace/mb_blink/Debug/mb_blink.elf' is downloaded to processor 'microblaze_0'.
13:37:15 INFO  : ----------------XSDB Script----------------
connect -url tcp:127.0.0.1:3121
targets -set -filter {jtag_cable_name =~ "RealDigital Boo 887429230025A" && level==0 && jtag_device_ctx=="jsn1-0362f093-0"}
fpga -file C:/Users/corey/UIUC/ECE/ECE385/Lab6/lab6workspace/mb_blink/_ide/bitstream/mb_intro_top.bit
targets -set -nocase -filter {name =~ "*microblaze*#0" && bscan=="USER2" }
loadhw -hw C:/Users/corey/UIUC/ECE/ECE385/Lab6/lab6workspace/mb_intro_top/export/mb_intro_top/hw/mb_intro_top.xsa -regs
configparams mdm-detect-bscan-mask 2
targets -set -nocase -filter {name =~ "*microblaze*#0" && bscan=="USER2" }
rst -system
after 3000
targets -set -nocase -filter {name =~ "*microblaze*#0" && bscan=="USER2" }
dow C:/Users/corey/UIUC/ECE/ECE385/Lab6/lab6workspace/mb_blink/Debug/mb_blink.elf
----------------End of Script----------------

13:37:15 INFO  : Context for processor 'microblaze_0' is selected.
13:37:15 INFO  : 'con' command is executed.
13:37:15 INFO  : ----------------XSDB Script (After Launch)----------------
targets -set -nocase -filter {name =~ "*microblaze*#0" && bscan=="USER2" }
con
----------------End of Script----------------

13:37:15 INFO  : Disconnected from the channel tcfchan#1.
20:09:33 DEBUG : Logs will be stored at 'C:/Users/corey/UIUC/ECE/ECE385/Lab6/lab6workspace/IDE.log'.
20:09:33 INFO  : Launching XSCT server: xsct.bat -n  -interactive C:\Users\corey\UIUC\ECE\ECE385\Lab6\lab6workspace\temp_xsdb_launch_script.tcl
20:09:37 INFO  : XSCT server has started successfully.
20:09:37 INFO  : plnx-install-location is set to ''
20:09:37 INFO  : Successfully done setting XSCT server connection channel  
20:09:37 INFO  : Successfully done setting workspace for the tool. 
20:09:38 INFO  : Registering command handlers for Vitis TCF services
20:09:38 INFO  : Successfully done query RDI_DATADIR 
20:09:39 INFO  : Platform repository initialization has completed.
22:32:31 DEBUG : Logs will be stored at 'C:/Users/corey/UIUC/ECE/ECE385/Lab6/lab6workspace/IDE.log'.
22:32:32 INFO  : Launching XSCT server: xsct.bat -n  -interactive C:\Users\corey\UIUC\ECE\ECE385\Lab6\lab6workspace\temp_xsdb_launch_script.tcl
22:32:36 INFO  : XSCT server has started successfully.
22:32:36 INFO  : Successfully done setting XSCT server connection channel  
22:32:36 INFO  : plnx-install-location is set to ''
22:32:36 INFO  : Successfully done setting workspace for the tool. 
22:32:36 INFO  : Successfully done query RDI_DATADIR 
22:32:37 INFO  : Registering command handlers for Vitis TCF services
22:32:37 INFO  : Platform repository initialization has completed.
