02:43:09 DEBUG : Logs will be stored at 'C:/Users/corey/UIUC/ECE/ECE385/Lab7/newlab7workspace/IDE.log'.
02:43:12 INFO  : Launching XSCT server: xsct.bat -n  -interactive C:\Users\corey\UIUC\ECE\ECE385\Lab7\newlab7workspace\temp_xsdb_launch_script.tcl
02:43:12 INFO  : Registering command handlers for Vitis TCF services
02:43:13 INFO  : Platform repository initialization has completed.
02:43:15 INFO  : XSCT server has started successfully.
02:43:15 INFO  : plnx-install-location is set to ''
02:43:15 INFO  : Successfully done setting XSCT server connection channel  
02:43:15 INFO  : Successfully done query RDI_DATADIR 
02:43:15 INFO  : Successfully done setting workspace for the tool. 
02:44:01 ERROR : (XSDB Server)ERROR: [Hsi 55-1562] Source directory C:/Users/corey/UIUC/ECE/ECE385/Lab7/newlab7workspace/HDMI_toplevel/hw/drivers\hdmi_text_controller_v1_0/src does not exist or is not a directory.

02:44:02 INFO  : Result from executing command 'getProjects': HDMI_toplevel
02:44:02 INFO  : Result from executing command 'getPlatforms': xilinx_vck190_base_202220_1|C:/Xilinx/Vitis/2022.2/base_platforms/xilinx_vck190_base_202220_1/xilinx_vck190_base_202220_1.xpfm;xilinx_vck190_base_dfx_202220_1|C:/Xilinx/Vitis/2022.2/base_platforms/xilinx_vck190_base_dfx_202220_1/xilinx_vck190_base_dfx_202220_1.xpfm;xilinx_vmk180_base_202220_1|C:/Xilinx/Vitis/2022.2/base_platforms/xilinx_vmk180_base_202220_1/xilinx_vmk180_base_202220_1.xpfm;xilinx_zcu102_base_202220_1|C:/Xilinx/Vitis/2022.2/base_platforms/xilinx_zcu102_base_202220_1/xilinx_zcu102_base_202220_1.xpfm;xilinx_zcu102_base_dfx_202220_1|C:/Xilinx/Vitis/2022.2/base_platforms/xilinx_zcu102_base_dfx_202220_1/xilinx_zcu102_base_dfx_202220_1.xpfm;xilinx_zcu104_base_202220_1|C:/Xilinx/Vitis/2022.2/base_platforms/xilinx_zcu104_base_202220_1/xilinx_zcu104_base_202220_1.xpfm
02:44:03 WARN  : An unexpected exception occurred in the module 'platform project logging'
02:44:04 INFO  : Platform 'HDMI_toplevel' is added to custom repositories.
02:44:06 INFO  : Platform 'HDMI_toplevel' is added to custom repositories.
02:45:32 INFO  : Result from executing command 'removePlatformRepo': 
02:45:52 INFO  : Result from executing command 'getProjects': HDMI_toplevel
02:45:52 INFO  : Result from executing command 'getPlatforms': xilinx_vck190_base_202220_1|C:/Xilinx/Vitis/2022.2/base_platforms/xilinx_vck190_base_202220_1/xilinx_vck190_base_202220_1.xpfm;xilinx_vck190_base_dfx_202220_1|C:/Xilinx/Vitis/2022.2/base_platforms/xilinx_vck190_base_dfx_202220_1/xilinx_vck190_base_dfx_202220_1.xpfm;xilinx_vmk180_base_202220_1|C:/Xilinx/Vitis/2022.2/base_platforms/xilinx_vmk180_base_202220_1/xilinx_vmk180_base_202220_1.xpfm;xilinx_zcu102_base_202220_1|C:/Xilinx/Vitis/2022.2/base_platforms/xilinx_zcu102_base_202220_1/xilinx_zcu102_base_202220_1.xpfm;xilinx_zcu102_base_dfx_202220_1|C:/Xilinx/Vitis/2022.2/base_platforms/xilinx_zcu102_base_dfx_202220_1/xilinx_zcu102_base_dfx_202220_1.xpfm;xilinx_zcu104_base_202220_1|C:/Xilinx/Vitis/2022.2/base_platforms/xilinx_zcu104_base_202220_1/xilinx_zcu104_base_202220_1.xpfm
02:45:53 INFO  : Checking for BSP changes to sync application flags for project 'lab7new'...
02:46:18 INFO  : Connected to target on host '127.0.0.1' and port '3121'.
02:46:19 INFO  : Jtag cable 'RealDigital Boo 887429230025A' is selected.
02:46:19 INFO  : 'jtag frequency' command is executed.
02:46:19 INFO  : 'targets -set -filter {jtag_cable_name =~ "RealDigital Boo 887429230025A" && level==0 && jtag_device_ctx=="jsn1-0362f093-0"}' command is executed.
02:46:20 INFO  : Device configured successfully with "C:/Users/corey/UIUC/ECE/ECE385/Lab7/newlab7workspace/lab7new/_ide/bitstream/HDMI_toplevel.bit"
02:46:20 INFO  : Context for processor 'microblaze_0' is selected.
02:46:20 INFO  : Hardware design and registers information is loaded from 'C:/Users/corey/UIUC/ECE/ECE385/Lab7/newlab7workspace/HDMI_toplevel/export/HDMI_toplevel/hw/HDMI_toplevel.xsa'.
02:46:20 INFO  : 'configparams mdm-detect-bscan-mask 2' command is executed.
02:46:20 INFO  : Context for processor 'microblaze_0' is selected.
02:46:20 INFO  : System reset is completed.
02:46:23 INFO  : 'after 3000' command is executed.
02:46:23 INFO  : Context for processor 'microblaze_0' is selected.
02:46:24 INFO  : The application 'C:/Users/corey/UIUC/ECE/ECE385/Lab7/newlab7workspace/lab7new/Debug/lab7new.elf' is downloaded to processor 'microblaze_0'.
02:46:24 INFO  : ----------------XSDB Script----------------
connect -url tcp:127.0.0.1:3121
targets -set -filter {jtag_cable_name =~ "RealDigital Boo 887429230025A" && level==0 && jtag_device_ctx=="jsn1-0362f093-0"}
fpga -file C:/Users/corey/UIUC/ECE/ECE385/Lab7/newlab7workspace/lab7new/_ide/bitstream/HDMI_toplevel.bit
targets -set -nocase -filter {name =~ "*microblaze*#0" && bscan=="USER2" }
loadhw -hw C:/Users/corey/UIUC/ECE/ECE385/Lab7/newlab7workspace/HDMI_toplevel/export/HDMI_toplevel/hw/HDMI_toplevel.xsa -regs
configparams mdm-detect-bscan-mask 2
targets -set -nocase -filter {name =~ "*microblaze*#0" && bscan=="USER2" }
rst -system
after 3000
targets -set -nocase -filter {name =~ "*microblaze*#0" && bscan=="USER2" }
dow C:/Users/corey/UIUC/ECE/ECE385/Lab7/newlab7workspace/lab7new/Debug/lab7new.elf
----------------End of Script----------------

02:46:24 INFO  : Context for processor 'microblaze_0' is selected.
02:46:24 INFO  : 'con' command is executed.
02:46:24 INFO  : ----------------XSDB Script (After Launch)----------------
targets -set -nocase -filter {name =~ "*microblaze*#0" && bscan=="USER2" }
con
----------------End of Script----------------

02:46:24 INFO  : Disconnected from the channel tcfchan#3.
02:54:00 DEBUG : Logs will be stored at 'C:/Users/corey/UIUC/ECE/ECE385/Lab7/newlab7workspace/IDE.log'.
02:54:00 INFO  : Launching XSCT server: xsct.bat -n  -interactive C:\Users\corey\UIUC\ECE\ECE385\Lab7\newlab7workspace\temp_xsdb_launch_script.tcl
02:54:03 INFO  : Registering command handlers for Vitis TCF services
02:54:04 INFO  : XSCT server has started successfully.
02:54:04 INFO  : Platform repository initialization has completed.
02:54:04 INFO  : plnx-install-location is set to ''
02:54:04 INFO  : Successfully done setting XSCT server connection channel  
02:54:04 INFO  : Successfully done query RDI_DATADIR 
02:54:04 INFO  : Successfully done setting workspace for the tool. 
12:13:54 DEBUG : Logs will be stored at 'C:/Users/corey/UIUC/ECE/ECE385/Lab7/newlab7workspace/IDE.log'.
12:13:55 INFO  : Launching XSCT server: xsct.bat -n  -interactive C:\Users\corey\UIUC\ECE\ECE385\Lab7\newlab7workspace\temp_xsdb_launch_script.tcl
12:14:00 INFO  : XSCT server has started successfully.
12:14:00 INFO  : Successfully done setting XSCT server connection channel  
12:14:00 INFO  : plnx-install-location is set to ''
12:14:00 INFO  : Successfully done setting workspace for the tool. 
12:14:01 INFO  : Registering command handlers for Vitis TCF services
12:14:01 INFO  : Successfully done query RDI_DATADIR 
12:14:02 INFO  : Platform repository initialization has completed.
12:14:11 INFO  : Hardware specification for platform project 'HDMI_toplevel' is updated.
12:14:26 INFO  : Result from executing command 'removePlatformRepo': 
12:14:43 INFO  : Result from executing command 'getProjects': HDMI_toplevel
12:14:43 INFO  : Result from executing command 'getPlatforms': xilinx_vck190_base_202220_1|C:/Xilinx/Vitis/2022.2/base_platforms/xilinx_vck190_base_202220_1/xilinx_vck190_base_202220_1.xpfm;xilinx_vck190_base_dfx_202220_1|C:/Xilinx/Vitis/2022.2/base_platforms/xilinx_vck190_base_dfx_202220_1/xilinx_vck190_base_dfx_202220_1.xpfm;xilinx_vmk180_base_202220_1|C:/Xilinx/Vitis/2022.2/base_platforms/xilinx_vmk180_base_202220_1/xilinx_vmk180_base_202220_1.xpfm;xilinx_zcu102_base_202220_1|C:/Xilinx/Vitis/2022.2/base_platforms/xilinx_zcu102_base_202220_1/xilinx_zcu102_base_202220_1.xpfm;xilinx_zcu102_base_dfx_202220_1|C:/Xilinx/Vitis/2022.2/base_platforms/xilinx_zcu102_base_dfx_202220_1/xilinx_zcu102_base_dfx_202220_1.xpfm;xilinx_zcu104_base_202220_1|C:/Xilinx/Vitis/2022.2/base_platforms/xilinx_zcu104_base_202220_1/xilinx_zcu104_base_202220_1.xpfm
12:14:44 INFO  : Checking for BSP changes to sync application flags for project 'lab7new'...
12:14:55 INFO  : Connected to target on host '127.0.0.1' and port '3121'.
12:14:56 INFO  : Jtag cable 'RealDigital Boo 887429230024A' is selected.
12:14:56 INFO  : 'jtag frequency' command is executed.
12:14:56 INFO  : 'targets -set -filter {jtag_cable_name =~ "RealDigital Boo 887429230024A" && level==0 && jtag_device_ctx=="jsn1-0362f093-0"}' command is executed.
12:14:57 INFO  : Device configured successfully with "C:/Users/corey/UIUC/ECE/ECE385/Lab7/newlab7workspace/lab7new/_ide/bitstream/HDMI_toplevel.bit"
12:14:58 INFO  : Context for processor 'microblaze_0' is selected.
12:14:58 INFO  : Hardware design and registers information is loaded from 'C:/Users/corey/UIUC/ECE/ECE385/Lab7/newlab7workspace/HDMI_toplevel/export/HDMI_toplevel/hw/HDMI_toplevel.xsa'.
12:14:58 INFO  : 'configparams mdm-detect-bscan-mask 2' command is executed.
12:14:58 INFO  : Context for processor 'microblaze_0' is selected.
12:14:58 INFO  : System reset is completed.
12:15:01 INFO  : 'after 3000' command is executed.
12:15:01 INFO  : Context for processor 'microblaze_0' is selected.
12:15:01 INFO  : The application 'C:/Users/corey/UIUC/ECE/ECE385/Lab7/newlab7workspace/lab7new/Debug/lab7new.elf' is downloaded to processor 'microblaze_0'.
12:15:01 INFO  : ----------------XSDB Script----------------
connect -url tcp:127.0.0.1:3121
targets -set -filter {jtag_cable_name =~ "RealDigital Boo 887429230024A" && level==0 && jtag_device_ctx=="jsn1-0362f093-0"}
fpga -file C:/Users/corey/UIUC/ECE/ECE385/Lab7/newlab7workspace/lab7new/_ide/bitstream/HDMI_toplevel.bit
targets -set -nocase -filter {name =~ "*microblaze*#0" && bscan=="USER2" }
loadhw -hw C:/Users/corey/UIUC/ECE/ECE385/Lab7/newlab7workspace/HDMI_toplevel/export/HDMI_toplevel/hw/HDMI_toplevel.xsa -regs
configparams mdm-detect-bscan-mask 2
targets -set -nocase -filter {name =~ "*microblaze*#0" && bscan=="USER2" }
rst -system
after 3000
targets -set -nocase -filter {name =~ "*microblaze*#0" && bscan=="USER2" }
dow C:/Users/corey/UIUC/ECE/ECE385/Lab7/newlab7workspace/lab7new/Debug/lab7new.elf
----------------End of Script----------------

12:15:01 INFO  : Context for processor 'microblaze_0' is selected.
12:15:01 INFO  : 'con' command is executed.
12:15:01 INFO  : ----------------XSDB Script (After Launch)----------------
targets -set -nocase -filter {name =~ "*microblaze*#0" && bscan=="USER2" }
con
----------------End of Script----------------

12:15:01 INFO  : Disconnected from the channel tcfchan#3.
12:16:46 INFO  : Hardware specification for platform project 'HDMI_toplevel' is updated.
12:16:59 INFO  : Result from executing command 'removePlatformRepo': 
12:17:21 INFO  : Result from executing command 'getProjects': HDMI_toplevel
12:17:21 INFO  : Result from executing command 'getPlatforms': xilinx_vck190_base_202220_1|C:/Xilinx/Vitis/2022.2/base_platforms/xilinx_vck190_base_202220_1/xilinx_vck190_base_202220_1.xpfm;xilinx_vck190_base_dfx_202220_1|C:/Xilinx/Vitis/2022.2/base_platforms/xilinx_vck190_base_dfx_202220_1/xilinx_vck190_base_dfx_202220_1.xpfm;xilinx_vmk180_base_202220_1|C:/Xilinx/Vitis/2022.2/base_platforms/xilinx_vmk180_base_202220_1/xilinx_vmk180_base_202220_1.xpfm;xilinx_zcu102_base_202220_1|C:/Xilinx/Vitis/2022.2/base_platforms/xilinx_zcu102_base_202220_1/xilinx_zcu102_base_202220_1.xpfm;xilinx_zcu102_base_dfx_202220_1|C:/Xilinx/Vitis/2022.2/base_platforms/xilinx_zcu102_base_dfx_202220_1/xilinx_zcu102_base_dfx_202220_1.xpfm;xilinx_zcu104_base_202220_1|C:/Xilinx/Vitis/2022.2/base_platforms/xilinx_zcu104_base_202220_1/xilinx_zcu104_base_202220_1.xpfm
12:17:23 INFO  : Checking for BSP changes to sync application flags for project 'lab7new'...
12:17:26 INFO  : The hardware specification used by project 'lab7new' is out of sync with the platform. Resource files extracted from the hardware specification will be updated.
12:17:26 INFO  : The file 'C:\Users\corey\UIUC\ECE\ECE385\Lab7\newlab7workspace\lab7new\_ide\bitstream\HDMI_toplevel.bit' stored in project is removed.
12:17:26 INFO  : The file 'C:\Users\corey\UIUC\ECE\ECE385\Lab7\newlab7workspace\lab7new\_ide\bitstream\HDMI_toplevel.mmi' stored in project is removed.
12:17:26 INFO  : The updated bitstream files are copied from platform to folder 'C:\Users\corey\UIUC\ECE\ECE385\Lab7\newlab7workspace\lab7new\_ide\bitstream' in project 'lab7new'.
12:18:23 INFO  : Connected to target on host '127.0.0.1' and port '3121'.
12:18:24 INFO  : Jtag cable 'RealDigital Boo 887429230024A' is selected.
12:18:24 INFO  : 'jtag frequency' command is executed.
12:18:24 INFO  : 'targets -set -filter {jtag_cable_name =~ "RealDigital Boo 887429230024A" && level==0 && jtag_device_ctx=="jsn1-0362f093-0"}' command is executed.
12:18:26 INFO  : Device configured successfully with "C:/Users/corey/UIUC/ECE/ECE385/Lab7/newlab7workspace/lab7new/_ide/bitstream/HDMI_toplevel.bit"
12:18:26 INFO  : Context for processor 'microblaze_0' is selected.
12:18:26 INFO  : Hardware design and registers information is loaded from 'C:/Users/corey/UIUC/ECE/ECE385/Lab7/newlab7workspace/HDMI_toplevel/export/HDMI_toplevel/hw/HDMI_toplevel.xsa'.
12:18:26 INFO  : 'configparams mdm-detect-bscan-mask 2' command is executed.
12:18:26 INFO  : Context for processor 'microblaze_0' is selected.
12:18:26 INFO  : System reset is completed.
12:18:29 INFO  : 'after 3000' command is executed.
12:18:29 INFO  : Context for processor 'microblaze_0' is selected.
12:18:29 INFO  : The application 'C:/Users/corey/UIUC/ECE/ECE385/Lab7/newlab7workspace/lab7new/Debug/lab7new.elf' is downloaded to processor 'microblaze_0'.
12:18:29 INFO  : ----------------XSDB Script----------------
connect -url tcp:127.0.0.1:3121
targets -set -filter {jtag_cable_name =~ "RealDigital Boo 887429230024A" && level==0 && jtag_device_ctx=="jsn1-0362f093-0"}
fpga -file C:/Users/corey/UIUC/ECE/ECE385/Lab7/newlab7workspace/lab7new/_ide/bitstream/HDMI_toplevel.bit
targets -set -nocase -filter {name =~ "*microblaze*#0" && bscan=="USER2" }
loadhw -hw C:/Users/corey/UIUC/ECE/ECE385/Lab7/newlab7workspace/HDMI_toplevel/export/HDMI_toplevel/hw/HDMI_toplevel.xsa -regs
configparams mdm-detect-bscan-mask 2
targets -set -nocase -filter {name =~ "*microblaze*#0" && bscan=="USER2" }
rst -system
after 3000
targets -set -nocase -filter {name =~ "*microblaze*#0" && bscan=="USER2" }
dow C:/Users/corey/UIUC/ECE/ECE385/Lab7/newlab7workspace/lab7new/Debug/lab7new.elf
----------------End of Script----------------

12:18:29 INFO  : Context for processor 'microblaze_0' is selected.
12:18:29 INFO  : 'con' command is executed.
12:18:29 INFO  : ----------------XSDB Script (After Launch)----------------
targets -set -nocase -filter {name =~ "*microblaze*#0" && bscan=="USER2" }
con
----------------End of Script----------------

12:18:29 INFO  : Disconnected from the channel tcfchan#6.
12:19:28 INFO  : Hardware specification for platform project 'HDMI_toplevel' is updated.
12:19:41 INFO  : Result from executing command 'removePlatformRepo': 
12:20:04 INFO  : Result from executing command 'getProjects': HDMI_toplevel
12:20:04 INFO  : Result from executing command 'getPlatforms': xilinx_vck190_base_202220_1|C:/Xilinx/Vitis/2022.2/base_platforms/xilinx_vck190_base_202220_1/xilinx_vck190_base_202220_1.xpfm;xilinx_vck190_base_dfx_202220_1|C:/Xilinx/Vitis/2022.2/base_platforms/xilinx_vck190_base_dfx_202220_1/xilinx_vck190_base_dfx_202220_1.xpfm;xilinx_vmk180_base_202220_1|C:/Xilinx/Vitis/2022.2/base_platforms/xilinx_vmk180_base_202220_1/xilinx_vmk180_base_202220_1.xpfm;xilinx_zcu102_base_202220_1|C:/Xilinx/Vitis/2022.2/base_platforms/xilinx_zcu102_base_202220_1/xilinx_zcu102_base_202220_1.xpfm;xilinx_zcu102_base_dfx_202220_1|C:/Xilinx/Vitis/2022.2/base_platforms/xilinx_zcu102_base_dfx_202220_1/xilinx_zcu102_base_dfx_202220_1.xpfm;xilinx_zcu104_base_202220_1|C:/Xilinx/Vitis/2022.2/base_platforms/xilinx_zcu104_base_202220_1/xilinx_zcu104_base_202220_1.xpfm
12:20:06 INFO  : Checking for BSP changes to sync application flags for project 'lab7new'...
12:20:10 INFO  : The hardware specification used by project 'lab7new' is out of sync with the platform. Resource files extracted from the hardware specification will be updated.
12:20:10 INFO  : The file 'C:\Users\corey\UIUC\ECE\ECE385\Lab7\newlab7workspace\lab7new\_ide\bitstream\HDMI_toplevel.bit' stored in project is removed.
12:20:10 INFO  : The file 'C:\Users\corey\UIUC\ECE\ECE385\Lab7\newlab7workspace\lab7new\_ide\bitstream\HDMI_toplevel.mmi' stored in project is removed.
12:20:10 INFO  : The updated bitstream files are copied from platform to folder 'C:\Users\corey\UIUC\ECE\ECE385\Lab7\newlab7workspace\lab7new\_ide\bitstream' in project 'lab7new'.
12:20:19 INFO  : Connected to target on host '127.0.0.1' and port '3121'.
12:20:20 INFO  : Jtag cable 'RealDigital Boo 887429230024A' is selected.
12:20:20 INFO  : 'jtag frequency' command is executed.
12:20:20 INFO  : 'targets -set -filter {jtag_cable_name =~ "RealDigital Boo 887429230024A" && level==0 && jtag_device_ctx=="jsn1-0362f093-0"}' command is executed.
12:20:21 INFO  : Device configured successfully with "C:/Users/corey/UIUC/ECE/ECE385/Lab7/newlab7workspace/lab7new/_ide/bitstream/HDMI_toplevel.bit"
12:20:22 INFO  : Context for processor 'microblaze_0' is selected.
12:20:22 INFO  : Hardware design and registers information is loaded from 'C:/Users/corey/UIUC/ECE/ECE385/Lab7/newlab7workspace/HDMI_toplevel/export/HDMI_toplevel/hw/HDMI_toplevel.xsa'.
12:20:22 INFO  : 'configparams mdm-detect-bscan-mask 2' command is executed.
12:20:22 INFO  : Context for processor 'microblaze_0' is selected.
12:20:22 INFO  : System reset is completed.
12:20:25 INFO  : 'after 3000' command is executed.
12:20:25 INFO  : Context for processor 'microblaze_0' is selected.
12:20:25 INFO  : The application 'C:/Users/corey/UIUC/ECE/ECE385/Lab7/newlab7workspace/lab7new/Debug/lab7new.elf' is downloaded to processor 'microblaze_0'.
12:20:25 INFO  : ----------------XSDB Script----------------
connect -url tcp:127.0.0.1:3121
targets -set -filter {jtag_cable_name =~ "RealDigital Boo 887429230024A" && level==0 && jtag_device_ctx=="jsn1-0362f093-0"}
fpga -file C:/Users/corey/UIUC/ECE/ECE385/Lab7/newlab7workspace/lab7new/_ide/bitstream/HDMI_toplevel.bit
targets -set -nocase -filter {name =~ "*microblaze*#0" && bscan=="USER2" }
loadhw -hw C:/Users/corey/UIUC/ECE/ECE385/Lab7/newlab7workspace/HDMI_toplevel/export/HDMI_toplevel/hw/HDMI_toplevel.xsa -regs
configparams mdm-detect-bscan-mask 2
targets -set -nocase -filter {name =~ "*microblaze*#0" && bscan=="USER2" }
rst -system
after 3000
targets -set -nocase -filter {name =~ "*microblaze*#0" && bscan=="USER2" }
dow C:/Users/corey/UIUC/ECE/ECE385/Lab7/newlab7workspace/lab7new/Debug/lab7new.elf
----------------End of Script----------------

12:20:25 INFO  : Context for processor 'microblaze_0' is selected.
12:20:25 INFO  : 'con' command is executed.
12:20:25 INFO  : ----------------XSDB Script (After Launch)----------------
targets -set -nocase -filter {name =~ "*microblaze*#0" && bscan=="USER2" }
con
----------------End of Script----------------

12:20:25 INFO  : Disconnected from the channel tcfchan#9.
13:30:51 DEBUG : Logs will be stored at 'C:/Users/corey/UIUC/ECE/ECE385/Lab7/newlab7workspace/IDE.log'.
13:30:52 INFO  : Launching XSCT server: xsct.bat -n  -interactive C:\Users\corey\UIUC\ECE\ECE385\Lab7\newlab7workspace\temp_xsdb_launch_script.tcl
13:30:56 INFO  : Registering command handlers for Vitis TCF services
13:30:56 INFO  : XSCT server has started successfully.
13:30:56 INFO  : plnx-install-location is set to ''
13:30:56 INFO  : Successfully done setting XSCT server connection channel  
13:30:56 INFO  : Successfully done query RDI_DATADIR 
13:30:56 INFO  : Successfully done setting workspace for the tool. 
13:30:57 INFO  : Platform repository initialization has completed.
13:31:13 INFO  : Result from executing command 'removePlatformRepo': 
13:31:41 INFO  : Hardware specification for platform project 'HDMI_toplevel' is updated.
13:31:53 ERROR : Error from executing command 'removePlatformRepo': ERROR: No valid directory exists at given path.
13:32:19 INFO  : Result from executing command 'getProjects': HDMI_toplevel
13:32:19 INFO  : Result from executing command 'getPlatforms': xilinx_vck190_base_202220_1|C:/Xilinx/Vitis/2022.2/base_platforms/xilinx_vck190_base_202220_1/xilinx_vck190_base_202220_1.xpfm;xilinx_vck190_base_dfx_202220_1|C:/Xilinx/Vitis/2022.2/base_platforms/xilinx_vck190_base_dfx_202220_1/xilinx_vck190_base_dfx_202220_1.xpfm;xilinx_vmk180_base_202220_1|C:/Xilinx/Vitis/2022.2/base_platforms/xilinx_vmk180_base_202220_1/xilinx_vmk180_base_202220_1.xpfm;xilinx_zcu102_base_202220_1|C:/Xilinx/Vitis/2022.2/base_platforms/xilinx_zcu102_base_202220_1/xilinx_zcu102_base_202220_1.xpfm;xilinx_zcu102_base_dfx_202220_1|C:/Xilinx/Vitis/2022.2/base_platforms/xilinx_zcu102_base_dfx_202220_1/xilinx_zcu102_base_dfx_202220_1.xpfm;xilinx_zcu104_base_202220_1|C:/Xilinx/Vitis/2022.2/base_platforms/xilinx_zcu104_base_202220_1/xilinx_zcu104_base_202220_1.xpfm
13:32:21 INFO  : Checking for BSP changes to sync application flags for project 'lab7new'...
13:32:32 INFO  : Connected to target on host '127.0.0.1' and port '3121'.
13:32:33 INFO  : Jtag cable 'RealDigital Boo 887429230024A' is selected.
13:32:33 INFO  : 'jtag frequency' command is executed.
13:32:33 INFO  : 'targets -set -filter {jtag_cable_name =~ "RealDigital Boo 887429230024A" && level==0 && jtag_device_ctx=="jsn1-0362f093-0"}' command is executed.
13:32:34 INFO  : Device configured successfully with "C:/Users/corey/UIUC/ECE/ECE385/Lab7/newlab7workspace/lab7new/_ide/bitstream/HDMI_toplevel.bit"
13:32:34 INFO  : Context for processor 'microblaze_0' is selected.
13:32:34 INFO  : Hardware design and registers information is loaded from 'C:/Users/corey/UIUC/ECE/ECE385/Lab7/newlab7workspace/HDMI_toplevel/export/HDMI_toplevel/hw/HDMI_toplevel.xsa'.
13:32:34 INFO  : 'configparams mdm-detect-bscan-mask 2' command is executed.
13:32:34 INFO  : Context for processor 'microblaze_0' is selected.
13:32:34 INFO  : System reset is completed.
13:32:37 INFO  : 'after 3000' command is executed.
13:32:38 INFO  : Context for processor 'microblaze_0' is selected.
13:32:38 INFO  : The application 'C:/Users/corey/UIUC/ECE/ECE385/Lab7/newlab7workspace/lab7new/Debug/lab7new.elf' is downloaded to processor 'microblaze_0'.
13:32:38 INFO  : ----------------XSDB Script----------------
connect -url tcp:127.0.0.1:3121
targets -set -filter {jtag_cable_name =~ "RealDigital Boo 887429230024A" && level==0 && jtag_device_ctx=="jsn1-0362f093-0"}
fpga -file C:/Users/corey/UIUC/ECE/ECE385/Lab7/newlab7workspace/lab7new/_ide/bitstream/HDMI_toplevel.bit
targets -set -nocase -filter {name =~ "*microblaze*#0" && bscan=="USER2" }
loadhw -hw C:/Users/corey/UIUC/ECE/ECE385/Lab7/newlab7workspace/HDMI_toplevel/export/HDMI_toplevel/hw/HDMI_toplevel.xsa -regs
configparams mdm-detect-bscan-mask 2
targets -set -nocase -filter {name =~ "*microblaze*#0" && bscan=="USER2" }
rst -system
after 3000
targets -set -nocase -filter {name =~ "*microblaze*#0" && bscan=="USER2" }
dow C:/Users/corey/UIUC/ECE/ECE385/Lab7/newlab7workspace/lab7new/Debug/lab7new.elf
----------------End of Script----------------

13:32:38 INFO  : Context for processor 'microblaze_0' is selected.
13:32:38 INFO  : 'con' command is executed.
13:32:38 INFO  : ----------------XSDB Script (After Launch)----------------
targets -set -nocase -filter {name =~ "*microblaze*#0" && bscan=="USER2" }
con
----------------End of Script----------------

13:32:38 INFO  : Disconnected from the channel tcfchan#4.
13:41:46 INFO  : Connected to target on host '127.0.0.1' and port '3121'.
13:41:46 INFO  : Jtag cable 'RealDigital Boo 88742923000BA' is selected.
13:41:46 INFO  : 'jtag frequency' command is executed.
13:41:46 INFO  : 'targets -set -filter {jtag_cable_name =~ "RealDigital Boo 88742923000BA" && level==0 && jtag_device_ctx=="jsn1-0362f093-0"}' command is executed.
13:41:48 INFO  : Device configured successfully with "C:/Users/corey/UIUC/ECE/ECE385/Lab7/newlab7workspace/lab7new/_ide/bitstream/HDMI_toplevel.bit"
13:41:48 INFO  : Context for processor 'microblaze_0' is selected.
13:41:48 INFO  : Hardware design and registers information is loaded from 'C:/Users/corey/UIUC/ECE/ECE385/Lab7/newlab7workspace/HDMI_toplevel/export/HDMI_toplevel/hw/HDMI_toplevel.xsa'.
13:41:48 INFO  : 'configparams mdm-detect-bscan-mask 2' command is executed.
13:41:48 INFO  : Context for processor 'microblaze_0' is selected.
13:41:48 INFO  : System reset is completed.
13:41:51 INFO  : 'after 3000' command is executed.
13:41:51 INFO  : Context for processor 'microblaze_0' is selected.
13:41:51 INFO  : The application 'C:/Users/corey/UIUC/ECE/ECE385/Lab7/newlab7workspace/lab7new/Debug/lab7new.elf' is downloaded to processor 'microblaze_0'.
13:41:51 INFO  : ----------------XSDB Script----------------
connect -url tcp:127.0.0.1:3121
targets -set -filter {jtag_cable_name =~ "RealDigital Boo 88742923000BA" && level==0 && jtag_device_ctx=="jsn1-0362f093-0"}
fpga -file C:/Users/corey/UIUC/ECE/ECE385/Lab7/newlab7workspace/lab7new/_ide/bitstream/HDMI_toplevel.bit
targets -set -nocase -filter {name =~ "*microblaze*#0" && bscan=="USER2" }
loadhw -hw C:/Users/corey/UIUC/ECE/ECE385/Lab7/newlab7workspace/HDMI_toplevel/export/HDMI_toplevel/hw/HDMI_toplevel.xsa -regs
configparams mdm-detect-bscan-mask 2
targets -set -nocase -filter {name =~ "*microblaze*#0" && bscan=="USER2" }
rst -system
after 3000
targets -set -nocase -filter {name =~ "*microblaze*#0" && bscan=="USER2" }
dow C:/Users/corey/UIUC/ECE/ECE385/Lab7/newlab7workspace/lab7new/Debug/lab7new.elf
----------------End of Script----------------

13:41:52 INFO  : Context for processor 'microblaze_0' is selected.
13:41:52 INFO  : 'con' command is executed.
13:41:52 INFO  : ----------------XSDB Script (After Launch)----------------
targets -set -nocase -filter {name =~ "*microblaze*#0" && bscan=="USER2" }
con
----------------End of Script----------------

13:41:52 INFO  : Disconnected from the channel tcfchan#5.
